2023-06-19 19:51:33.936 [info] Log level: Info
2023-06-19 19:51:33.936 [info] Validating found git in: "git"
2023-06-19 19:51:33.936 [info] Using git "2.25.1" from "git"
2023-06-19 19:51:33.936 [info] > git rev-parse --show-toplevel [3ms]
2023-06-19 19:51:33.936 [info] fatal: not a git repository (or any of the parent directories): .git
2023-06-19 19:51:33.936 [info] > git rev-parse --show-toplevel [2ms]
2023-06-19 19:51:33.936 [info] fatal: not a git repository (or any of the parent directories): .git
2023-06-19 19:51:33.936 [info] > git rev-parse --show-toplevel [1ms]
2023-06-19 19:51:33.936 [info] fatal: not a git repository (or any of the parent directories): .git
2023-06-19 19:51:33.936 [info] > git rev-parse --show-toplevel [4ms]
2023-06-19 19:51:33.936 [info] fatal: not a git repository (or any of the parent directories): .git
2023-06-19 19:51:33.936 [info] > git rev-parse --show-toplevel [3ms]
2023-06-19 19:51:33.936 [info] fatal: not a git repository (or any of the parent directories): .git
2023-06-19 19:51:33.936 [info] > git rev-parse --show-toplevel [1ms]
2023-06-19 19:51:33.936 [info] fatal: not a git repository (or any of the parent directories): .git
2023-06-19 19:51:33.936 [info] > git rev-parse --show-toplevel [0ms]
2023-06-19 19:51:33.936 [info] fatal: not a git repository (or any of the parent directories): .git
2023-06-19 19:51:33.936 [info] > git rev-parse --show-toplevel [1ms]
2023-06-19 19:51:33.936 [info] fatal: not a git repository (or any of the parent directories): .git
2023-06-19 19:51:33.936 [info] > git rev-parse --show-toplevel [1ms]
2023-06-19 19:51:33.936 [info] fatal: not a git repository (or any of the parent directories): .git
2023-06-19 19:54:10.664 [info] > git rev-parse --show-toplevel [34ms]
2023-06-19 19:54:10.665 [info] fatal: not a git repository (or any of the parent directories): .git
2023-06-19 20:16:20.332 [info] > git rev-parse --show-toplevel [1ms]
2023-06-19 20:16:20.332 [info] fatal: not a git repository (or any of the parent directories): .git
2023-06-19 20:22:51.797 [info] > git rev-parse --show-toplevel [4ms]
2023-06-19 20:22:51.797 [info] fatal: not a git repository (or any of the parent directories): .git
2023-06-19 20:22:53.276 [info] > git rev-parse --show-toplevel [4ms]
2023-06-19 20:22:53.276 [info] fatal: not a git repository (or any of the parent directories): .git
2023-06-19 20:22:55.607 [info] > git rev-parse --show-toplevel [4ms]
2023-06-19 20:22:55.607 [info] fatal: not a git repository (or any of the parent directories): .git
2023-06-19 20:22:58.497 [info] > git rev-parse --show-toplevel [4ms]
2023-06-19 20:22:58.497 [info] fatal: not a git repository (or any of the parent directories): .git
2023-06-19 20:27:41.014 [info] > git rev-parse --show-toplevel [1ms]
2023-06-19 20:27:41.014 [info] fatal: not a git repository (or any of the parent directories): .git
2023-06-19 20:28:01.184 [info] > git rev-parse --show-toplevel [1ms]
2023-06-19 20:28:01.184 [info] fatal: not a git repository (or any of the parent directories): .git
2023-06-19 20:28:02.305 [info] > git rev-parse --show-toplevel [1ms]
2023-06-19 20:28:02.305 [info] fatal: not a git repository (or any of the parent directories): .git
2023-06-19 20:30:30.359 [info] > git rev-parse --show-toplevel [1ms]
2023-06-19 20:30:30.359 [info] fatal: not a git repository (or any of the parent directories): .git
2023-06-19 20:36:41.692 [info] > git rev-parse --show-toplevel [4ms]
2023-06-19 20:36:41.692 [info] fatal: not a git repository (or any of the parent directories): .git
2023-06-19 20:40:49.812 [info] > git rev-parse --show-toplevel [7ms]
2023-06-19 20:40:49.812 [info] fatal: not a git repository (or any of the parent directories): .git
2023-06-19 20:43:10.396 [info] > git rev-parse --show-toplevel [1ms]
2023-06-19 20:43:10.397 [info] fatal: not a git repository (or any of the parent directories): .git
2023-06-19 20:43:18.726 [info] > git rev-parse --show-toplevel [1ms]
2023-06-19 20:43:18.726 [info] fatal: not a git repository (or any of the parent directories): .git
2023-06-19 20:43:50.375 [info] > git rev-parse --show-toplevel [1ms]
2023-06-19 20:43:50.375 [info] fatal: not a git repository (or any of the parent directories): .git
2023-06-19 20:44:20.374 [info] > git rev-parse --show-toplevel [5ms]
2023-06-19 20:44:20.374 [info] fatal: not a git repository (or any of the parent directories): .git
2023-06-19 20:45:15.722 [info] > git rev-parse --show-toplevel [1ms]
2023-06-19 20:45:15.722 [info] fatal: not a git repository (or any of the parent directories): .git
2023-06-19 20:45:21.398 [info] > git rev-parse --show-toplevel [1ms]
2023-06-19 20:45:21.398 [info] fatal: not a git repository (or any of the parent directories): .git
2023-06-19 20:45:22.167 [info] > git rev-parse --show-toplevel [1ms]
2023-06-19 20:45:22.167 [info] fatal: not a git repository (or any of the parent directories): .git
2023-06-19 20:45:43.559 [info] > git rev-parse --show-toplevel [1ms]
2023-06-19 20:45:43.559 [info] fatal: not a git repository (or any of the parent directories): .git
2023-06-19 20:45:44.833 [info] > git rev-parse --show-toplevel [1ms]
2023-06-19 20:45:44.833 [info] fatal: not a git repository (or any of the parent directories): .git
2023-06-19 20:51:53.952 [info] > git rev-parse --show-toplevel [1ms]
2023-06-19 20:51:53.952 [info] fatal: not a git repository (or any of the parent directories): .git
2023-06-19 20:52:36.586 [info] > git rev-parse --show-toplevel [1ms]
2023-06-19 20:52:36.586 [info] fatal: not a git repository (or any of the parent directories): .git
2023-06-19 21:03:58.799 [info] > git rev-parse --show-toplevel [5ms]
2023-06-19 21:03:58.799 [info] fatal: not a git repository (or any of the parent directories): .git
2023-06-19 21:04:58.286 [info] > git rev-parse --show-toplevel [1ms]
2023-06-19 21:04:58.286 [info] fatal: not a git repository (or any of the parent directories): .git
2023-06-19 21:05:28.566 [info] > git rev-parse --show-toplevel [1ms]
2023-06-19 21:05:28.566 [info] fatal: not a git repository (or any of the parent directories): .git
2023-06-19 21:05:30.718 [info] > git rev-parse --show-toplevel [1ms]
2023-06-19 21:05:30.718 [info] fatal: not a git repository (or any of the parent directories): .git
2023-06-19 21:06:01.846 [info] > git rev-parse --show-toplevel [1ms]
2023-06-19 21:06:01.846 [info] fatal: not a git repository (or any of the parent directories): .git
2023-06-19 21:08:43.956 [info] > git rev-parse --show-toplevel [2ms]
2023-06-19 21:08:43.956 [info] fatal: not a git repository (or any of the parent directories): .git
2023-06-19 21:08:43.961 [info] > git rev-parse --show-toplevel [1ms]
2023-06-19 21:08:43.961 [info] fatal: not a git repository (or any of the parent directories): .git
2023-06-19 21:08:44.527 [info] > git rev-parse --show-toplevel [0ms]
2023-06-19 21:08:44.528 [info] fatal: not a git repository (or any of the parent directories): .git
2023-06-19 21:08:44.532 [info] > git rev-parse --show-toplevel [1ms]
2023-06-19 21:08:44.532 [info] fatal: not a git repository (or any of the parent directories): .git
2023-06-19 21:08:44.537 [info] > git rev-parse --show-toplevel [1ms]
2023-06-19 21:08:44.537 [info] fatal: not a git repository (or any of the parent directories): .git
2023-06-19 21:08:44.541 [info] > git rev-parse --show-toplevel [1ms]
2023-06-19 21:08:44.541 [info] fatal: not a git repository (or any of the parent directories): .git
2023-06-19 21:08:44.546 [info] > git rev-parse --show-toplevel [1ms]
2023-06-19 21:08:44.546 [info] fatal: not a git repository (or any of the parent directories): .git
2023-06-19 21:08:44.557 [info] > git rev-parse --show-toplevel [7ms]
2023-06-19 21:08:44.557 [info] fatal: not a git repository (or any of the parent directories): .git
2023-06-19 21:08:44.561 [info] > git rev-parse --show-toplevel [0ms]
2023-06-19 21:08:44.561 [info] fatal: not a git repository (or any of the parent directories): .git
2023-06-19 21:08:45.059 [info] > git rev-parse --show-toplevel [1ms]
2023-06-19 21:08:45.059 [info] fatal: not a git repository (or any of the parent directories): .git
2023-06-19 21:08:46.509 [info] > git rev-parse --show-toplevel [2ms]
2023-06-19 21:08:46.509 [info] fatal: not a git repository (or any of the parent directories): .git
2023-06-19 21:08:46.520 [info] > git rev-parse --show-toplevel [2ms]
2023-06-19 21:08:46.520 [info] fatal: not a git repository (or any of the parent directories): .git
2023-06-19 21:10:31.900 [info] > git rev-parse --show-toplevel [2ms]
2023-06-19 21:10:31.900 [info] fatal: not a git repository (or any of the parent directories): .git
2023-06-19 21:15:09.232 [info] > git rev-parse --show-toplevel [2ms]
2023-06-19 21:15:09.232 [info] fatal: not a git repository (or any of the parent directories): .git
2023-06-19 21:16:12.466 [info] > git rev-parse --show-toplevel [1ms]
2023-06-19 21:16:12.466 [info] fatal: not a git repository (or any of the parent directories): .git
2023-06-19 21:16:49.379 [info] > git rev-parse --show-toplevel [1ms]
2023-06-19 21:16:49.379 [info] fatal: not a git repository (or any of the parent directories): .git
2023-06-19 21:16:55.621 [info] > git rev-parse --show-toplevel [1ms]
2023-06-19 21:16:55.621 [info] fatal: not a git repository (or any of the parent directories): .git
2023-06-19 21:17:19.110 [info] > git rev-parse --show-toplevel [1ms]
2023-06-19 21:17:19.110 [info] fatal: not a git repository (or any of the parent directories): .git
2023-06-19 21:18:00.229 [info] > git rev-parse --show-toplevel [2ms]
2023-06-19 21:18:00.229 [info] fatal: not a git repository (or any of the parent directories): .git
2023-06-19 21:18:03.148 [info] > git rev-parse --show-toplevel [1ms]
2023-06-19 21:18:03.148 [info] fatal: not a git repository (or any of the parent directories): .git
2023-06-19 21:19:20.099 [info] > git rev-parse --show-toplevel [1ms]
2023-06-19 21:19:20.099 [info] fatal: not a git repository (or any of the parent directories): .git
2023-06-19 21:23:39.900 [info] > git rev-parse --show-toplevel [1ms]
2023-06-19 21:23:39.900 [info] fatal: not a git repository (or any of the parent directories): .git
2023-06-19 21:26:38.362 [info] > git rev-parse --show-toplevel [5ms]
2023-06-19 21:26:38.362 [info] fatal: not a git repository (or any of the parent directories): .git
2023-06-19 21:26:39.781 [info] > git rev-parse --show-toplevel [1ms]
2023-06-19 21:26:39.781 [info] fatal: not a git repository (or any of the parent directories): .git
2023-06-19 21:26:50.405 [info] > git rev-parse --show-toplevel [4ms]
2023-06-19 21:26:50.405 [info] fatal: not a git repository (or any of the parent directories): .git
2023-06-19 21:27:18.139 [info] > git rev-parse --show-toplevel [1ms]
2023-06-19 21:27:18.139 [info] fatal: not a git repository (or any of the parent directories): .git
2023-06-19 21:30:24.534 [info] > git rev-parse --show-toplevel [2ms]
2023-06-19 21:30:24.534 [info] fatal: not a git repository (or any of the parent directories): .git
2023-06-19 21:31:27.352 [info] > git rev-parse --show-toplevel [1ms]
2023-06-19 21:31:27.352 [info] fatal: not a git repository (or any of the parent directories): .git
2023-06-19 21:31:28.842 [info] > git rev-parse --show-toplevel [1ms]
2023-06-19 21:31:28.842 [info] fatal: not a git repository (or any of the parent directories): .git
2023-06-19 21:31:31.937 [info] > git rev-parse --show-toplevel [4ms]
2023-06-19 21:31:31.937 [info] fatal: not a git repository (or any of the parent directories): .git
2023-06-19 21:31:34.527 [info] > git rev-parse --show-toplevel [1ms]
2023-06-19 21:31:34.527 [info] fatal: not a git repository (or any of the parent directories): .git
2023-06-19 21:34:20.958 [info] > git rev-parse --show-toplevel [4ms]
2023-06-19 21:34:20.958 [info] fatal: not a git repository (or any of the parent directories): .git
2023-06-19 21:34:22.947 [info] > git rev-parse --show-toplevel [4ms]
2023-06-19 21:34:22.947 [info] fatal: not a git repository (or any of the parent directories): .git
2023-06-19 21:34:35.770 [info] > git rev-parse --show-toplevel [2ms]
2023-06-19 21:34:35.770 [info] fatal: not a git repository (or any of the parent directories): .git
2023-06-19 21:36:40.117 [info] > git rev-parse --show-toplevel [1ms]
2023-06-19 21:36:40.117 [info] fatal: not a git repository (or any of the parent directories): .git
2023-06-19 21:39:02.158 [info] > git rev-parse --show-toplevel [1ms]
2023-06-19 21:39:02.158 [info] fatal: not a git repository (or any of the parent directories): .git
2023-06-19 21:39:06.539 [info] > git rev-parse --show-toplevel [1ms]
2023-06-19 21:39:06.539 [info] fatal: not a git repository (or any of the parent directories): .git
2023-06-19 21:44:01.386 [info] > git rev-parse --show-toplevel [1ms]
2023-06-19 21:44:01.386 [info] fatal: not a git repository (or any of the parent directories): .git
2023-06-19 21:44:03.575 [info] > git rev-parse --show-toplevel [1ms]
2023-06-19 21:44:03.575 [info] fatal: not a git repository (or any of the parent directories): .git
2023-06-19 21:46:07.491 [info] > git rev-parse --show-toplevel [1ms]
2023-06-19 21:46:07.491 [info] fatal: not a git repository (or any of the parent directories): .git
2023-06-19 21:46:10.494 [info] > git rev-parse --show-toplevel [1ms]
2023-06-19 21:46:10.494 [info] fatal: not a git repository (or any of the parent directories): .git
