2023-06-21 18:52:35.696 [info] Log level: Info
2023-06-21 18:52:35.696 [info] Validating found git in: "git"
2023-06-21 18:52:35.696 [info] Using git "2.25.1" from "git"
2023-06-21 18:52:35.696 [info] > git rev-parse --show-toplevel [24ms]
2023-06-21 18:52:35.696 [info] fatal: not a git repository (or any of the parent directories): .git
2023-06-21 18:52:35.696 [info] > git rev-parse --show-toplevel [0ms]
2023-06-21 18:52:35.696 [info] fatal: not a git repository (or any of the parent directories): .git
2023-06-21 18:52:35.696 [info] > git rev-parse --show-toplevel [1ms]
2023-06-21 18:52:35.696 [info] fatal: not a git repository (or any of the parent directories): .git
2023-06-21 18:52:35.696 [info] > git rev-parse --show-toplevel [1ms]
2023-06-21 18:52:35.696 [info] fatal: not a git repository (or any of the parent directories): .git
2023-06-21 18:52:35.696 [info] > git rev-parse --show-toplevel [0ms]
2023-06-21 18:52:35.696 [info] fatal: not a git repository (or any of the parent directories): .git
2023-06-21 18:52:35.696 [info] > git rev-parse --show-toplevel [1ms]
2023-06-21 18:52:35.696 [info] fatal: not a git repository (or any of the parent directories): .git
2023-06-21 18:52:35.696 [info] > git rev-parse --show-toplevel [0ms]
2023-06-21 18:52:35.696 [info] fatal: not a git repository (or any of the parent directories): .git
2023-06-21 18:52:35.696 [info] > git rev-parse --show-toplevel [0ms]
2023-06-21 18:52:35.696 [info] fatal: not a git repository (or any of the parent directories): .git
2023-06-21 18:52:35.696 [info] > git rev-parse --show-toplevel [1ms]
2023-06-21 18:52:35.696 [info] fatal: not a git repository (or any of the parent directories): .git
2023-06-21 18:52:35.696 [info] > git rev-parse --show-toplevel [1ms]
2023-06-21 18:52:35.696 [info] fatal: not a git repository (or any of the parent directories): .git
2023-06-21 18:52:35.696 [info] > git rev-parse --show-toplevel [3ms]
2023-06-21 18:52:35.696 [info] fatal: not a git repository (or any of the parent directories): .git
2023-06-21 18:52:35.696 [info] > git rev-parse --show-toplevel [7ms]
2023-06-21 18:52:35.697 [info] fatal: not a git repository (or any of the parent directories): .git
2023-06-21 18:52:35.697 [info] > git rev-parse --show-toplevel [1ms]
2023-06-21 18:52:35.697 [info] fatal: not a git repository (or any of the parent directories): .git
2023-06-21 18:52:35.697 [info] > git rev-parse --show-toplevel [1ms]
2023-06-21 18:52:35.697 [info] fatal: not a git repository (or any of the parent directories): .git
2023-06-21 18:53:44.201 [info] > git rev-parse --show-toplevel [9ms]
2023-06-21 18:53:44.201 [info] fatal: not a git repository (or any of the parent directories): .git
2023-06-21 19:02:41.952 [info] > git rev-parse --show-toplevel [21ms]
2023-06-21 19:02:41.952 [info] fatal: not a git repository (or any of the parent directories): .git
2023-06-21 19:02:41.957 [info] > git rev-parse --show-toplevel [1ms]
2023-06-21 19:02:41.957 [info] fatal: not a git repository (or any of the parent directories): .git
2023-06-21 19:04:09.669 [info] > git rev-parse --show-toplevel [4ms]
2023-06-21 19:04:09.670 [info] fatal: not a git repository (or any of the parent directories): .git
2023-06-21 19:04:28.330 [info] > git rev-parse --show-toplevel [2ms]
2023-06-21 19:04:28.330 [info] fatal: not a git repository (or any of the parent directories): .git
2023-06-21 19:06:05.507 [info] > git rev-parse --show-toplevel [3ms]
2023-06-21 19:06:05.507 [info] fatal: not a git repository (or any of the parent directories): .git
2023-06-21 19:06:55.386 [info] > git rev-parse --show-toplevel [1ms]
2023-06-21 19:06:55.386 [info] fatal: not a git repository (or any of the parent directories): .git
2023-06-21 19:06:56.843 [info] > git rev-parse --show-toplevel [1ms]
2023-06-21 19:06:56.843 [info] fatal: not a git repository (or any of the parent directories): .git
2023-06-21 19:06:58.661 [info] > git rev-parse --show-toplevel [2ms]
2023-06-21 19:06:58.662 [info] fatal: not a git repository (or any of the parent directories): .git
2023-06-21 19:07:44.013 [info] > git rev-parse --show-toplevel [2ms]
2023-06-21 19:07:44.013 [info] fatal: not a git repository (or any of the parent directories): .git
2023-06-21 19:07:51.560 [info] > git rev-parse --show-toplevel [4ms]
2023-06-21 19:07:51.560 [info] fatal: not a git repository (or any of the parent directories): .git
2023-06-21 19:07:52.647 [info] > git rev-parse --show-toplevel [4ms]
2023-06-21 19:07:52.647 [info] fatal: not a git repository (or any of the parent directories): .git
2023-06-21 19:14:23.077 [info] > git rev-parse --show-toplevel [1ms]
2023-06-21 19:14:23.077 [info] fatal: not a git repository (or any of the parent directories): .git
2023-06-21 19:14:39.663 [info] > git rev-parse --show-toplevel [1ms]
2023-06-21 19:14:39.663 [info] fatal: not a git repository (or any of the parent directories): .git
2023-06-21 19:15:04.177 [info] > git rev-parse --show-toplevel [1ms]
2023-06-21 19:15:04.178 [info] fatal: not a git repository (or any of the parent directories): .git
2023-06-21 19:15:54.714 [info] > git rev-parse --show-toplevel [4ms]
2023-06-21 19:15:54.714 [info] fatal: not a git repository (or any of the parent directories): .git
2023-06-21 19:17:23.324 [info] > git rev-parse --show-toplevel [4ms]
2023-06-21 19:17:23.324 [info] fatal: not a git repository (or any of the parent directories): .git
2023-06-21 19:17:37.986 [info] > git rev-parse --show-toplevel [2ms]
2023-06-21 19:17:37.986 [info] fatal: not a git repository (or any of the parent directories): .git
2023-06-21 19:17:39.672 [info] > git rev-parse --show-toplevel [1ms]
2023-06-21 19:17:39.673 [info] fatal: not a git repository (or any of the parent directories): .git
2023-06-21 19:17:41.577 [info] > git rev-parse --show-toplevel [2ms]
2023-06-21 19:17:41.577 [info] fatal: not a git repository (or any of the parent directories): .git
2023-06-21 19:17:58.752 [info] > git rev-parse --show-toplevel [2ms]
2023-06-21 19:17:58.752 [info] fatal: not a git repository (or any of the parent directories): .git
2023-06-21 19:18:16.027 [info] > git rev-parse --show-toplevel [1ms]
2023-06-21 19:18:16.027 [info] fatal: not a git repository (or any of the parent directories): .git
2023-06-21 19:18:19.285 [info] > git rev-parse --show-toplevel [4ms]
2023-06-21 19:18:19.285 [info] fatal: not a git repository (or any of the parent directories): .git
2023-06-21 19:18:19.800 [info] > git rev-parse --show-toplevel [1ms]
2023-06-21 19:18:19.800 [info] fatal: not a git repository (or any of the parent directories): .git
2023-06-21 19:20:28.949 [info] > git rev-parse --show-toplevel [1ms]
2023-06-21 19:20:28.949 [info] fatal: not a git repository (or any of the parent directories): .git
2023-06-21 19:20:44.541 [info] > git rev-parse --show-toplevel [1ms]
2023-06-21 19:20:44.541 [info] fatal: not a git repository (or any of the parent directories): .git
2023-06-21 19:21:09.509 [info] > git rev-parse --show-toplevel [1ms]
2023-06-21 19:21:09.509 [info] fatal: not a git repository (or any of the parent directories): .git
2023-06-21 19:21:13.210 [info] > git rev-parse --show-toplevel [1ms]
2023-06-21 19:21:13.210 [info] fatal: not a git repository (or any of the parent directories): .git
2023-06-21 19:21:14.348 [info] > git rev-parse --show-toplevel [1ms]
2023-06-21 19:21:14.348 [info] fatal: not a git repository (or any of the parent directories): .git
2023-06-21 19:22:08.560 [info] > git rev-parse --show-toplevel [1ms]
2023-06-21 19:22:08.560 [info] fatal: not a git repository (or any of the parent directories): .git
2023-06-21 19:26:59.073 [info] > git rev-parse --show-toplevel [1ms]
2023-06-21 19:26:59.073 [info] fatal: not a git repository (or any of the parent directories): .git
2023-06-21 19:29:09.561 [info] > git rev-parse --show-toplevel [2ms]
2023-06-21 19:29:09.561 [info] fatal: not a git repository (or any of the parent directories): .git
