2023-06-20 06:46:40.843 [info] Log level: Info
2023-06-20 06:46:40.843 [info] Validating found git in: "git"
2023-06-20 06:46:40.843 [info] Using git "2.25.1" from "git"
2023-06-20 06:46:40.843 [info] > git rev-parse --show-toplevel [21ms]
2023-06-20 06:46:40.843 [info] fatal: not a git repository (or any of the parent directories): .git
2023-06-20 06:46:40.843 [info] > git rev-parse --show-toplevel [1ms]
2023-06-20 06:46:40.843 [info] fatal: not a git repository (or any of the parent directories): .git
2023-06-20 06:46:40.843 [info] > git rev-parse --show-toplevel [1ms]
2023-06-20 06:46:40.843 [info] fatal: not a git repository (or any of the parent directories): .git
2023-06-20 06:46:40.843 [info] > git rev-parse --show-toplevel [1ms]
2023-06-20 06:46:40.843 [info] fatal: not a git repository (or any of the parent directories): .git
2023-06-20 06:46:40.843 [info] > git rev-parse --show-toplevel [1ms]
2023-06-20 06:46:40.843 [info] fatal: not a git repository (or any of the parent directories): .git
2023-06-20 06:46:40.843 [info] > git rev-parse --show-toplevel [1ms]
2023-06-20 06:46:40.843 [info] fatal: not a git repository (or any of the parent directories): .git
2023-06-20 06:46:40.843 [info] > git rev-parse --show-toplevel [1ms]
2023-06-20 06:46:40.843 [info] fatal: not a git repository (or any of the parent directories): .git
2023-06-20 06:46:40.843 [info] > git rev-parse --show-toplevel [1ms]
2023-06-20 06:46:40.843 [info] fatal: not a git repository (or any of the parent directories): .git
2023-06-20 06:46:40.843 [info] > git rev-parse --show-toplevel [1ms]
2023-06-20 06:46:40.843 [info] fatal: not a git repository (or any of the parent directories): .git
2023-06-20 06:46:40.843 [info] > git rev-parse --show-toplevel [1ms]
2023-06-20 06:46:40.843 [info] fatal: not a git repository (or any of the parent directories): .git
2023-06-20 06:46:40.843 [info] > git rev-parse --show-toplevel [2ms]
2023-06-20 06:46:40.843 [info] fatal: not a git repository (or any of the parent directories): .git
2023-06-20 06:46:46.823 [info] > git rev-parse --show-toplevel [1ms]
2023-06-20 06:46:46.823 [info] fatal: not a git repository (or any of the parent directories): .git
