2023-06-21 14:17:12.935 [info] Log level: Info
2023-06-21 14:17:12.935 [info] Validating found git in: "git"
2023-06-21 14:17:12.935 [info] Using git "2.25.1" from "git"
2023-06-21 14:17:12.935 [info] > git rev-parse --show-toplevel [22ms]
2023-06-21 14:17:12.935 [info] fatal: not a git repository (or any of the parent directories): .git
2023-06-21 14:17:12.935 [info] > git rev-parse --show-toplevel [1ms]
2023-06-21 14:17:12.935 [info] fatal: not a git repository (or any of the parent directories): .git
2023-06-21 14:17:12.935 [info] > git rev-parse --show-toplevel [1ms]
2023-06-21 14:17:12.935 [info] fatal: not a git repository (or any of the parent directories): .git
2023-06-21 14:17:12.935 [info] > git rev-parse --show-toplevel [1ms]
2023-06-21 14:17:12.935 [info] fatal: not a git repository (or any of the parent directories): .git
2023-06-21 14:17:12.935 [info] > git rev-parse --show-toplevel [1ms]
2023-06-21 14:17:12.935 [info] fatal: not a git repository (or any of the parent directories): .git
2023-06-21 14:17:12.935 [info] > git rev-parse --show-toplevel [0ms]
2023-06-21 14:17:12.935 [info] fatal: not a git repository (or any of the parent directories): .git
2023-06-21 14:17:12.935 [info] > git rev-parse --show-toplevel [1ms]
2023-06-21 14:17:12.935 [info] fatal: not a git repository (or any of the parent directories): .git
2023-06-21 14:17:12.935 [info] > git rev-parse --show-toplevel [0ms]
2023-06-21 14:17:12.935 [info] fatal: not a git repository (or any of the parent directories): .git
2023-06-21 14:17:12.935 [info] > git rev-parse --show-toplevel [1ms]
2023-06-21 14:17:12.935 [info] fatal: not a git repository (or any of the parent directories): .git
2023-06-21 14:17:12.935 [info] > git rev-parse --show-toplevel [1ms]
2023-06-21 14:17:12.935 [info] fatal: not a git repository (or any of the parent directories): .git
2023-06-21 14:17:12.935 [info] > git rev-parse --show-toplevel [1ms]
2023-06-21 14:17:12.935 [info] fatal: not a git repository (or any of the parent directories): .git
2023-06-21 14:17:12.935 [info] > git rev-parse --show-toplevel [2ms]
2023-06-21 14:17:12.935 [info] fatal: not a git repository (or any of the parent directories): .git
2023-06-21 14:17:12.935 [info] > git rev-parse --show-toplevel [7ms]
2023-06-21 14:17:12.935 [info] fatal: not a git repository (or any of the parent directories): .git
2023-06-21 14:17:12.935 [info] > git rev-parse --show-toplevel [1ms]
2023-06-21 14:17:12.935 [info] fatal: not a git repository (or any of the parent directories): .git
2023-06-21 14:17:41.161 [info] > git rev-parse --show-toplevel [1ms]
2023-06-21 14:17:41.161 [info] fatal: not a git repository (or any of the parent directories): .git
2023-06-21 14:17:49.627 [info] > git rev-parse --show-toplevel [1ms]
2023-06-21 14:17:49.627 [info] fatal: not a git repository (or any of the parent directories): .git
2023-06-21 14:18:34.468 [info] > git rev-parse --show-toplevel [5ms]
2023-06-21 14:18:34.468 [info] fatal: not a git repository (or any of the parent directories): .git
2023-06-21 14:18:41.329 [info] > git rev-parse --show-toplevel [9ms]
2023-06-21 14:18:41.329 [info] fatal: not a git repository (or any of the parent directories): .git
2023-06-21 14:19:09.655 [info] > git rev-parse --show-toplevel [5ms]
2023-06-21 14:19:09.655 [info] fatal: not a git repository (or any of the parent directories): .git
2023-06-21 14:19:16.364 [info] > git rev-parse --show-toplevel [4ms]
2023-06-21 14:19:16.365 [info] fatal: not a git repository (or any of the parent directories): .git
2023-06-21 14:24:09.579 [info] > git rev-parse --show-toplevel [4ms]
2023-06-21 14:24:09.579 [info] fatal: not a git repository (or any of the parent directories): .git
2023-06-21 14:28:11.515 [info] > git rev-parse --show-toplevel [5ms]
2023-06-21 14:28:11.515 [info] fatal: not a git repository (or any of the parent directories): .git
2023-06-21 14:29:06.227 [info] > git rev-parse --show-toplevel [1ms]
2023-06-21 14:29:06.227 [info] fatal: not a git repository (or any of the parent directories): .git
2023-06-21 14:31:27.766 [info] > git rev-parse --show-toplevel [2ms]
2023-06-21 14:31:27.766 [info] fatal: not a git repository (or any of the parent directories): .git
2023-06-21 14:33:50.851 [info] > git rev-parse --show-toplevel [5ms]
2023-06-21 14:33:50.851 [info] fatal: not a git repository (or any of the parent directories): .git
2023-06-21 14:34:25.335 [info] > git rev-parse --show-toplevel [4ms]
2023-06-21 14:34:25.335 [info] fatal: not a git repository (or any of the parent directories): .git
2023-06-21 14:34:54.381 [info] > git rev-parse --show-toplevel [1ms]
2023-06-21 14:34:54.381 [info] fatal: not a git repository (or any of the parent directories): .git
2023-06-21 14:36:47.856 [info] > git rev-parse --show-toplevel [4ms]
2023-06-21 14:36:47.856 [info] fatal: not a git repository (or any of the parent directories): .git
2023-06-21 14:48:36.313 [info] > git rev-parse --show-toplevel [4ms]
2023-06-21 14:48:36.313 [info] fatal: not a git repository (or any of the parent directories): .git
2023-06-21 14:51:22.909 [info] > git rev-parse --show-toplevel [1ms]
2023-06-21 14:51:22.909 [info] fatal: not a git repository (or any of the parent directories): .git
