*
* Visual Studio Code Server
*
* By using the software, you agree to
* the Visual Studio Code Server License Terms (https://aka.ms/vscode-server-license) and
* the Microsoft Privacy Statement (https://privacy.microsoft.com/en-US/privacystatement).
*
Server bound to 127.0.0.1:35361 (IPv4)
Extension host agent listening on 35361

[10:54:29] 




[10:54:29] Extension host agent started.
[10:54:30] [127.0.0.1][24e5a0e4][ManagementConnection] New connection established.
[10:54:30] [127.0.0.1][416845ec][ExtensionHostConnection] New connection established.
[10:54:30] [127.0.0.1][416845ec][ExtensionHostConnection] <448223> Launched Extension Host Process.
[IPC Library: Pty Host]  WARN Shell integration cannot be enabled for executable "/bin/sh" and args [
  '-c',
  'wget --version > /dev/null\n' +
    'if [ $? -eq 0 ]\n' +
    'then\n' +
    "\twget --connect-timeout=7 --tries=1 --dns-timeout=7 -q --header='Metadata:true' -O - http://169.254.169.254/metadata/instance?api-version=2019-03-11\n" +
    'else\n' +
    '\tcurl --version > /dev/null\n' +
    '\tif [ $? -eq 0 ]\n' +
    '\tthen\n' +
    "\t\tcurl --connect-timeout 7 -s --header='Metadata:true' http://169.254.169.254/metadata/instance?api-version=2019-03-11\n" +
    '\tfi\n' +
    'fi\n' +
    'exit 0'
]
[IPC Library: Pty Host]  WARN Shell integration cannot be enabled for executable "/bin/sh" and args [
  '-c',
  'wget --version > /dev/null\n' +
    'if [ $? -eq 0 ]\n' +
    'then\n' +
    '\twget --connect-timeout=7 --tries=1 --dns-timeout=7 -q  -O - http://169.254.169.254/latest/meta-data/instance-id\n' +
    'else\n' +
    '\tcurl --version > /dev/null\n' +
    '\tif [ $? -eq 0 ]\n' +
    '\tthen\n' +
    '\t\tcurl --connect-timeout 7 -s  http://169.254.169.254/latest/meta-data/instance-id\n' +
    '\tfi\n' +
    'fi\n' +
    'exit 0'
]
[IPC Library: Pty Host]  WARN Shell integration cannot be enabled for executable "/bin/sh" and args [
  '-c',
  'wget --version > /dev/null\n' +
    'if [ $? -eq 0 ]\n' +
    'then\n' +
    '\twget --connect-timeout=7 --tries=1 --dns-timeout=7 -q  -O - http://169.254.169.254/metadata/v1/id\n' +
    'else\n' +
    '\tcurl --version > /dev/null\n' +
    '\tif [ $? -eq 0 ]\n' +
    '\tthen\n' +
    '\t\tcurl --connect-timeout 7 -s  http://169.254.169.254/metadata/v1/id\n' +
    '\tfi\n' +
    'fi\n' +
    'exit 0'
]
[IPC Library: Pty Host]  WARN Shell integration cannot be enabled for executable "/bin/sh" and args [
  '-c',
  'wget --version > /dev/null\n' +
    'if [ $? -eq 0 ]\n' +
    'then\n' +
    "\twget --connect-timeout=7 --tries=1 --dns-timeout=7 -q --header='Metadata-Flavor:Google' -O - http://metadata.google.internal/computeMetadata/v1/instance/id\n" +
    'else\n' +
    '\tcurl --version > /dev/null\n' +
    '\tif [ $? -eq 0 ]\n' +
    '\tthen\n' +
    "\t\tcurl --connect-timeout 7 -s --header='Metadata-Flavor:Google' http://metadata.google.internal/computeMetadata/v1/instance/id\n" +
    '\tfi\n' +
    'fi\n' +
    'exit 0'
]
New EH opened, aborting shutdown
[10:59:29] New EH opened, aborting shutdown
[node.js fs] readdir with filetypes failed with error:  [Error: EACCES: permission denied, scandir '/home/casino-bot.wphost.dev/logs'] {
  errno: -13,
  code: 'EACCES',
  syscall: 'scandir',
  path: '/home/casino-bot.wphost.dev/logs'
}
[node.js fs] readdir with filetypes failed with error:  [Error: EACCES: permission denied, scandir '/home/casino-bot.wphost.dev/logs'] {
  errno: -13,
  code: 'EACCES',
  syscall: 'scandir',
  path: '/home/casino-bot.wphost.dev/logs'
}
[node.js fs] readdir with filetypes failed with error:  [Error: EACCES: permission denied, scandir '/home/casino-bot.wphost.dev/logs'] {
  errno: -13,
  code: 'EACCES',
  syscall: 'scandir',
  path: '/home/casino-bot.wphost.dev/logs'
}
[node.js fs] readdir with filetypes failed with error:  [Error: EACCES: permission denied, scandir '/home/casino-bot.wphost.dev/logs'] {
  errno: -13,
  code: 'EACCES',
  syscall: 'scandir',
  path: '/home/casino-bot.wphost.dev/logs'
}
[node.js fs] readdir with filetypes failed with error:  [Error: EACCES: permission denied, scandir '/home/casino-bot.wphost.dev/logs'] {
  errno: -13,
  code: 'EACCES',
  syscall: 'scandir',
  path: '/home/casino-bot.wphost.dev/logs'
}
[node.js fs] readdir with filetypes failed with error:  [Error: EACCES: permission denied, scandir '/home/casino-bot.wphost.dev/logs'] {
  errno: -13,
  code: 'EACCES',
  syscall: 'scandir',
  path: '/home/casino-bot.wphost.dev/logs'
}
[node.js fs] readdir with filetypes failed with error:  [Error: EACCES: permission denied, scandir '/home/casino-bot.wphost.dev/logs'] {
  errno: -13,
  code: 'EACCES',
  syscall: 'scandir',
  path: '/home/casino-bot.wphost.dev/logs'
}
[node.js fs] readdir with filetypes failed with error:  [Error: EACCES: permission denied, scandir '/home/casino-bot.wphost.dev/logs'] {
  errno: -13,
  code: 'EACCES',
  syscall: 'scandir',
  path: '/home/casino-bot.wphost.dev/logs'
}
[node.js fs] readdir with filetypes failed with error:  [Error: EACCES: permission denied, scandir '/home/casino-bot.wphost.dev/logs'] {
  errno: -13,
  code: 'EACCES',
  syscall: 'scandir',
  path: '/home/casino-bot.wphost.dev/logs'
}
[node.js fs] readdir with filetypes failed with error:  [Error: EACCES: permission denied, scandir '/home/casino-bot.wphost.dev/logs'] {
  errno: -13,
  code: 'EACCES',
  syscall: 'scandir',
  path: '/home/casino-bot.wphost.dev/logs'
}
[node.js fs] readdir with filetypes failed with error:  [Error: EACCES: permission denied, scandir '/home/casino-bot.wphost.dev/logs'] {
  errno: -13,
  code: 'EACCES',
  syscall: 'scandir',
  path: '/home/casino-bot.wphost.dev/logs'
}
[node.js fs] readdir with filetypes failed with error:  [Error: EACCES: permission denied, scandir '/home/casino-bot.wphost.dev/logs'] {
  errno: -13,
  code: 'EACCES',
  syscall: 'scandir',
  path: '/home/casino-bot.wphost.dev/logs'
}
[node.js fs] readdir with filetypes failed with error:  [Error: EACCES: permission denied, scandir '/home/casino-bot.wphost.dev/logs'] {
  errno: -13,
  code: 'EACCES',
  syscall: 'scandir',
  path: '/home/casino-bot.wphost.dev/logs'
}
[node.js fs] readdir with filetypes failed with error:  [Error: EACCES: permission denied, scandir '/home/casino-bot.wphost.dev/logs'] {
  errno: -13,
  code: 'EACCES',
  syscall: 'scandir',
  path: '/home/casino-bot.wphost.dev/logs'
}
[node.js fs] readdir with filetypes failed with error:  [Error: EACCES: permission denied, scandir '/home/casino-bot.wphost.dev/logs'] {
  errno: -13,
  code: 'EACCES',
  syscall: 'scandir',
  path: '/home/casino-bot.wphost.dev/logs'
}
[node.js fs] readdir with filetypes failed with error:  [Error: EACCES: permission denied, scandir '/home/casino-bot.wphost.dev/logs'] {
  errno: -13,
  code: 'EACCES',
  syscall: 'scandir',
  path: '/home/casino-bot.wphost.dev/logs'
}
[node.js fs] readdir with filetypes failed with error:  [Error: EACCES: permission denied, scandir '/home/casino-bot.wphost.dev/logs'] {
  errno: -13,
  code: 'EACCES',
  syscall: 'scandir',
  path: '/home/casino-bot.wphost.dev/logs'
}
[node.js fs] readdir with filetypes failed with error:  [Error: EACCES: permission denied, scandir '/home/casino-bot.wphost.dev/logs'] {
  errno: -13,
  code: 'EACCES',
  syscall: 'scandir',
  path: '/home/casino-bot.wphost.dev/logs'
}
[node.js fs] readdir with filetypes failed with error:  [Error: EACCES: permission denied, scandir '/home/casino-bot.wphost.dev/logs'] {
  errno: -13,
  code: 'EACCES',
  syscall: 'scandir',
  path: '/home/casino-bot.wphost.dev/logs'
}
[node.js fs] readdir with filetypes failed with error:  [Error: EACCES: permission denied, scandir '/home/casino-bot.wphost.dev/logs'] {
  errno: -13,
  code: 'EACCES',
  syscall: 'scandir',
  path: '/home/casino-bot.wphost.dev/logs'
}
[node.js fs] readdir with filetypes failed with error:  [Error: EACCES: permission denied, scandir '/home/casino-bot.wphost.dev/logs'] {
  errno: -13,
  code: 'EACCES',
  syscall: 'scandir',
  path: '/home/casino-bot.wphost.dev/logs'
}
[node.js fs] readdir with filetypes failed with error:  [Error: EACCES: permission denied, scandir '/home/casino-bot.wphost.dev/logs'] {
  errno: -13,
  code: 'EACCES',
  syscall: 'scandir',
  path: '/home/casino-bot.wphost.dev/logs'
}
[node.js fs] readdir with filetypes failed with error:  [Error: EACCES: permission denied, scandir '/home/casino-bot.wphost.dev/logs'] {
  errno: -13,
  code: 'EACCES',
  syscall: 'scandir',
  path: '/home/casino-bot.wphost.dev/logs'
}
[node.js fs] readdir with filetypes failed with error:  [Error: EACCES: permission denied, scandir '/home/casino-bot.wphost.dev/logs'] {
  errno: -13,
  code: 'EACCES',
  syscall: 'scandir',
  path: '/home/casino-bot.wphost.dev/logs'
}
[node.js fs] readdir with filetypes failed with error:  [Error: EACCES: permission denied, scandir '/home/casino-bot.wphost.dev/logs'] {
  errno: -13,
  code: 'EACCES',
  syscall: 'scandir',
  path: '/home/casino-bot.wphost.dev/logs'
}
[node.js fs] readdir with filetypes failed with error:  [Error: EACCES: permission denied, scandir '/home/casino-bot.wphost.dev/logs'] {
  errno: -13,
  code: 'EACCES',
  syscall: 'scandir',
  path: '/home/casino-bot.wphost.dev/logs'
}
[node.js fs] readdir with filetypes failed with error:  [Error: EACCES: permission denied, scandir '/home/casino-bot.wphost.dev/logs'] {
  errno: -13,
  code: 'EACCES',
  syscall: 'scandir',
  path: '/home/casino-bot.wphost.dev/logs'
}
[node.js fs] readdir with filetypes failed with error:  [Error: EACCES: permission denied, scandir '/home/casino-bot.wphost.dev/logs'] {
  errno: -13,
  code: 'EACCES',
  syscall: 'scandir',
  path: '/home/casino-bot.wphost.dev/logs'
}
[node.js fs] readdir with filetypes failed with error:  [Error: EACCES: permission denied, scandir '/home/casino-bot.wphost.dev/logs'] {
  errno: -13,
  code: 'EACCES',
  syscall: 'scandir',
  path: '/home/casino-bot.wphost.dev/logs'
}
[node.js fs] readdir with filetypes failed with error:  [Error: EACCES: permission denied, scandir '/home/casino-bot.wphost.dev/logs'] {
  errno: -13,
  code: 'EACCES',
  syscall: 'scandir',
  path: '/home/casino-bot.wphost.dev/logs'
}
[node.js fs] readdir with filetypes failed with error:  [Error: EACCES: permission denied, scandir '/home/casino-bot.wphost.dev/logs'] {
  errno: -13,
  code: 'EACCES',
  syscall: 'scandir',
  path: '/home/casino-bot.wphost.dev/logs'
}
[node.js fs] readdir with filetypes failed with error:  [Error: EACCES: permission denied, scandir '/home/casino-bot.wphost.dev/logs'] {
  errno: -13,
  code: 'EACCES',
  syscall: 'scandir',
  path: '/home/casino-bot.wphost.dev/logs'
}
[node.js fs] readdir with filetypes failed with error:  [Error: EACCES: permission denied, scandir '/home/casino-bot.wphost.dev/logs'] {
  errno: -13,
  code: 'EACCES',
  syscall: 'scandir',
  path: '/home/casino-bot.wphost.dev/logs'
}
[node.js fs] readdir with filetypes failed with error:  [Error: EACCES: permission denied, scandir '/home/casino-bot.wphost.dev/logs'] {
  errno: -13,
  code: 'EACCES',
  syscall: 'scandir',
  path: '/home/casino-bot.wphost.dev/logs'
}
[node.js fs] readdir with filetypes failed with error:  [Error: EACCES: permission denied, scandir '/home/casino-bot.wphost.dev/logs'] {
  errno: -13,
  code: 'EACCES',
  syscall: 'scandir',
  path: '/home/casino-bot.wphost.dev/logs'
}
[node.js fs] readdir with filetypes failed with error:  [Error: EACCES: permission denied, scandir '/home/casino-bot.wphost.dev/logs'] {
  errno: -13,
  code: 'EACCES',
  syscall: 'scandir',
  path: '/home/casino-bot.wphost.dev/logs'
}
[node.js fs] readdir with filetypes failed with error:  [Error: EACCES: permission denied, scandir '/home/casino-bot.wphost.dev/logs'] {
  errno: -13,
  code: 'EACCES',
  syscall: 'scandir',
  path: '/home/casino-bot.wphost.dev/logs'
}
[node.js fs] readdir with filetypes failed with error:  [Error: EACCES: permission denied, scandir '/home/casino-bot.wphost.dev/logs'] {
  errno: -13,
  code: 'EACCES',
  syscall: 'scandir',
  path: '/home/casino-bot.wphost.dev/logs'
}
[node.js fs] readdir with filetypes failed with error:  [Error: EACCES: permission denied, scandir '/home/casino-bot.wphost.dev/logs'] {
  errno: -13,
  code: 'EACCES',
  syscall: 'scandir',
  path: '/home/casino-bot.wphost.dev/logs'
}
[node.js fs] readdir with filetypes failed with error:  [Error: EACCES: permission denied, scandir '/home/casino-bot.wphost.dev/logs'] {
  errno: -13,
  code: 'EACCES',
  syscall: 'scandir',
  path: '/home/casino-bot.wphost.dev/logs'
}
[node.js fs] readdir with filetypes failed with error:  [Error: EACCES: permission denied, scandir '/home/casino-bot.wphost.dev/logs'] {
  errno: -13,
  code: 'EACCES',
  syscall: 'scandir',
  path: '/home/casino-bot.wphost.dev/logs'
}
[node.js fs] readdir with filetypes failed with error:  [Error: EACCES: permission denied, scandir '/home/casino-bot.wphost.dev/logs'] {
  errno: -13,
  code: 'EACCES',
  syscall: 'scandir',
  path: '/home/casino-bot.wphost.dev/logs'
}
[node.js fs] readdir with filetypes failed with error:  [Error: EACCES: permission denied, scandir '/home/casino-bot.wphost.dev/logs'] {
  errno: -13,
  code: 'EACCES',
  syscall: 'scandir',
  path: '/home/casino-bot.wphost.dev/logs'
}
[node.js fs] readdir with filetypes failed with error:  [Error: EACCES: permission denied, scandir '/home/casino-bot.wphost.dev/logs'] {
  errno: -13,
  code: 'EACCES',
  syscall: 'scandir',
  path: '/home/casino-bot.wphost.dev/logs'
}
[node.js fs] readdir with filetypes failed with error:  [Error: EACCES: permission denied, scandir '/home/casino-bot.wphost.dev/logs'] {
  errno: -13,
  code: 'EACCES',
  syscall: 'scandir',
  path: '/home/casino-bot.wphost.dev/logs'
}
[node.js fs] readdir with filetypes failed with error:  [Error: EACCES: permission denied, scandir '/home/casino-bot.wphost.dev/logs'] {
  errno: -13,
  code: 'EACCES',
  syscall: 'scandir',
  path: '/home/casino-bot.wphost.dev/logs'
}
[node.js fs] readdir with filetypes failed with error:  [Error: EACCES: permission denied, scandir '/home/casino-bot.wphost.dev/logs'] {
  errno: -13,
  code: 'EACCES',
  syscall: 'scandir',
  path: '/home/casino-bot.wphost.dev/logs'
}
[node.js fs] readdir with filetypes failed with error:  [Error: EACCES: permission denied, scandir '/home/casino-bot.wphost.dev/logs'] {
  errno: -13,
  code: 'EACCES',
  syscall: 'scandir',
  path: '/home/casino-bot.wphost.dev/logs'
}
[node.js fs] readdir with filetypes failed with error:  [Error: EACCES: permission denied, scandir '/home/casino-bot.wphost.dev/logs'] {
  errno: -13,
  code: 'EACCES',
  syscall: 'scandir',
  path: '/home/casino-bot.wphost.dev/logs'
}
[node.js fs] readdir with filetypes failed with error:  [Error: EACCES: permission denied, scandir '/home/casino-bot.wphost.dev/logs'] {
  errno: -13,
  code: 'EACCES',
  syscall: 'scandir',
  path: '/home/casino-bot.wphost.dev/logs'
}
[node.js fs] readdir with filetypes failed with error:  [Error: EACCES: permission denied, scandir '/home/casino-bot.wphost.dev/logs'] {
  errno: -13,
  code: 'EACCES',
  syscall: 'scandir',
  path: '/home/casino-bot.wphost.dev/logs'
}
[node.js fs] readdir with filetypes failed with error:  [Error: EACCES: permission denied, scandir '/home/casino-bot.wphost.dev/logs'] {
  errno: -13,
  code: 'EACCES',
  syscall: 'scandir',
  path: '/home/casino-bot.wphost.dev/logs'
}
[node.js fs] readdir with filetypes failed with error:  [Error: EACCES: permission denied, scandir '/home/casino-bot.wphost.dev/logs'] {
  errno: -13,
  code: 'EACCES',
  syscall: 'scandir',
  path: '/home/casino-bot.wphost.dev/logs'
}
[node.js fs] readdir with filetypes failed with error:  [Error: EACCES: permission denied, scandir '/home/casino-bot.wphost.dev/logs'] {
  errno: -13,
  code: 'EACCES',
  syscall: 'scandir',
  path: '/home/casino-bot.wphost.dev/logs'
}
[node.js fs] readdir with filetypes failed with error:  [Error: EACCES: permission denied, scandir '/home/casino-bot.wphost.dev/logs'] {
  errno: -13,
  code: 'EACCES',
  syscall: 'scandir',
  path: '/home/casino-bot.wphost.dev/logs'
}
[node.js fs] readdir with filetypes failed with error:  [Error: EACCES: permission denied, scandir '/home/casino-bot.wphost.dev/logs'] {
  errno: -13,
  code: 'EACCES',
  syscall: 'scandir',
  path: '/home/casino-bot.wphost.dev/logs'
}
[node.js fs] readdir with filetypes failed with error:  [Error: EACCES: permission denied, scandir '/home/casino-bot.wphost.dev/logs'] {
  errno: -13,
  code: 'EACCES',
  syscall: 'scandir',
  path: '/home/casino-bot.wphost.dev/logs'
}
[node.js fs] readdir with filetypes failed with error:  [Error: EACCES: permission denied, scandir '/home/casino-bot.wphost.dev/logs'] {
  errno: -13,
  code: 'EACCES',
  syscall: 'scandir',
  path: '/home/casino-bot.wphost.dev/logs'
}
[node.js fs] readdir with filetypes failed with error:  [Error: EACCES: permission denied, scandir '/home/casino-bot.wphost.dev/logs'] {
  errno: -13,
  code: 'EACCES',
  syscall: 'scandir',
  path: '/home/casino-bot.wphost.dev/logs'
}
[node.js fs] readdir with filetypes failed with error:  [Error: EACCES: permission denied, scandir '/home/casino-bot.wphost.dev/logs'] {
  errno: -13,
  code: 'EACCES',
  syscall: 'scandir',
  path: '/home/casino-bot.wphost.dev/logs'
}
[node.js fs] readdir with filetypes failed with error:  [Error: EACCES: permission denied, scandir '/home/casino-bot.wphost.dev/logs'] {
  errno: -13,
  code: 'EACCES',
  syscall: 'scandir',
  path: '/home/casino-bot.wphost.dev/logs'
}
[node.js fs] readdir with filetypes failed with error:  [Error: EACCES: permission denied, scandir '/home/casino-bot.wphost.dev/logs'] {
  errno: -13,
  code: 'EACCES',
  syscall: 'scandir',
  path: '/home/casino-bot.wphost.dev/logs'
}
[node.js fs] readdir with filetypes failed with error:  [Error: EACCES: permission denied, scandir '/home/casino-bot.wphost.dev/logs'] {
  errno: -13,
  code: 'EACCES',
  syscall: 'scandir',
  path: '/home/casino-bot.wphost.dev/logs'
}
[node.js fs] readdir with filetypes failed with error:  [Error: EACCES: permission denied, scandir '/home/casino-bot.wphost.dev/logs'] {
  errno: -13,
  code: 'EACCES',
  syscall: 'scandir',
  path: '/home/casino-bot.wphost.dev/logs'
}
[node.js fs] readdir with filetypes failed with error:  [Error: EACCES: permission denied, scandir '/home/casino-bot.wphost.dev/logs'] {
  errno: -13,
  code: 'EACCES',
  syscall: 'scandir',
  path: '/home/casino-bot.wphost.dev/logs'
}
[node.js fs] readdir with filetypes failed with error:  [Error: EACCES: permission denied, scandir '/home/casino-bot.wphost.dev/logs'] {
  errno: -13,
  code: 'EACCES',
  syscall: 'scandir',
  path: '/home/casino-bot.wphost.dev/logs'
}
[node.js fs] readdir with filetypes failed with error:  [Error: EACCES: permission denied, scandir '/home/casino-bot.wphost.dev/logs'] {
  errno: -13,
  code: 'EACCES',
  syscall: 'scandir',
  path: '/home/casino-bot.wphost.dev/logs'
}
[node.js fs] readdir with filetypes failed with error:  [Error: EACCES: permission denied, scandir '/home/casino-bot.wphost.dev/logs'] {
  errno: -13,
  code: 'EACCES',
  syscall: 'scandir',
  path: '/home/casino-bot.wphost.dev/logs'
}
[node.js fs] readdir with filetypes failed with error:  [Error: EACCES: permission denied, scandir '/home/casino-bot.wphost.dev/logs'] {
  errno: -13,
  code: 'EACCES',
  syscall: 'scandir',
  path: '/home/casino-bot.wphost.dev/logs'
}
[node.js fs] readdir with filetypes failed with error:  [Error: EACCES: permission denied, scandir '/home/casino-bot.wphost.dev/logs'] {
  errno: -13,
  code: 'EACCES',
  syscall: 'scandir',
  path: '/home/casino-bot.wphost.dev/logs'
}
[node.js fs] readdir with filetypes failed with error:  [Error: EACCES: permission denied, scandir '/home/casino-bot.wphost.dev/logs'] {
  errno: -13,
  code: 'EACCES',
  syscall: 'scandir',
  path: '/home/casino-bot.wphost.dev/logs'
}
[node.js fs] readdir with filetypes failed with error:  [Error: EACCES: permission denied, scandir '/home/casino-bot.wphost.dev/logs'] {
  errno: -13,
  code: 'EACCES',
  syscall: 'scandir',
  path: '/home/casino-bot.wphost.dev/logs'
}
[node.js fs] readdir with filetypes failed with error:  [Error: EACCES: permission denied, scandir '/home/casino-bot.wphost.dev/logs'] {
  errno: -13,
  code: 'EACCES',
  syscall: 'scandir',
  path: '/home/casino-bot.wphost.dev/logs'
}
[node.js fs] readdir with filetypes failed with error:  [Error: EACCES: permission denied, scandir '/home/casino-bot.wphost.dev/logs'] {
  errno: -13,
  code: 'EACCES',
  syscall: 'scandir',
  path: '/home/casino-bot.wphost.dev/logs'
}
[node.js fs] readdir with filetypes failed with error:  [Error: EACCES: permission denied, scandir '/home/casino-bot.wphost.dev/logs'] {
  errno: -13,
  code: 'EACCES',
  syscall: 'scandir',
  path: '/home/casino-bot.wphost.dev/logs'
}
[node.js fs] readdir with filetypes failed with error:  [Error: EACCES: permission denied, scandir '/home/casino-bot.wphost.dev/logs'] {
  errno: -13,
  code: 'EACCES',
  syscall: 'scandir',
  path: '/home/casino-bot.wphost.dev/logs'
}
[node.js fs] readdir with filetypes failed with error:  [Error: EACCES: permission denied, scandir '/home/casino-bot.wphost.dev/logs'] {
  errno: -13,
  code: 'EACCES',
  syscall: 'scandir',
  path: '/home/casino-bot.wphost.dev/logs'
}
[node.js fs] readdir with filetypes failed with error:  [Error: EACCES: permission denied, scandir '/home/casino-bot.wphost.dev/logs'] {
  errno: -13,
  code: 'EACCES',
  syscall: 'scandir',
  path: '/home/casino-bot.wphost.dev/logs'
}
[node.js fs] readdir with filetypes failed with error:  [Error: EACCES: permission denied, scandir '/home/casino-bot.wphost.dev/logs'] {
  errno: -13,
  code: 'EACCES',
  syscall: 'scandir',
  path: '/home/casino-bot.wphost.dev/logs'
}
[node.js fs] readdir with filetypes failed with error:  [Error: EACCES: permission denied, scandir '/home/casino-bot.wphost.dev/logs'] {
  errno: -13,
  code: 'EACCES',
  syscall: 'scandir',
  path: '/home/casino-bot.wphost.dev/logs'
}
[node.js fs] readdir with filetypes failed with error:  [Error: EACCES: permission denied, scandir '/home/casino-bot.wphost.dev/logs'] {
  errno: -13,
  code: 'EACCES',
  syscall: 'scandir',
  path: '/home/casino-bot.wphost.dev/logs'
}
[node.js fs] readdir with filetypes failed with error:  [Error: EACCES: permission denied, scandir '/home/casino-bot.wphost.dev/logs'] {
  errno: -13,
  code: 'EACCES',
  syscall: 'scandir',
  path: '/home/casino-bot.wphost.dev/logs'
}
[node.js fs] readdir with filetypes failed with error:  [Error: EACCES: permission denied, scandir '/home/casino-bot.wphost.dev/logs'] {
  errno: -13,
  code: 'EACCES',
  syscall: 'scandir',
  path: '/home/casino-bot.wphost.dev/logs'
}
[node.js fs] readdir with filetypes failed with error:  [Error: EACCES: permission denied, scandir '/home/casino-bot.wphost.dev/logs'] {
  errno: -13,
  code: 'EACCES',
  syscall: 'scandir',
  path: '/home/casino-bot.wphost.dev/logs'
}
[node.js fs] readdir with filetypes failed with error:  [Error: EACCES: permission denied, scandir '/home/casino-bot.wphost.dev/logs'] {
  errno: -13,
  code: 'EACCES',
  syscall: 'scandir',
  path: '/home/casino-bot.wphost.dev/logs'
}
[node.js fs] readdir with filetypes failed with error:  [Error: EACCES: permission denied, scandir '/home/casino-bot.wphost.dev/logs'] {
  errno: -13,
  code: 'EACCES',
  syscall: 'scandir',
  path: '/home/casino-bot.wphost.dev/logs'
}
[node.js fs] readdir with filetypes failed with error:  [Error: EACCES: permission denied, scandir '/home/casino-bot.wphost.dev/logs'] {
  errno: -13,
  code: 'EACCES',
  syscall: 'scandir',
  path: '/home/casino-bot.wphost.dev/logs'
}
[node.js fs] readdir with filetypes failed with error:  [Error: EACCES: permission denied, scandir '/home/casino-bot.wphost.dev/logs'] {
  errno: -13,
  code: 'EACCES',
  syscall: 'scandir',
  path: '/home/casino-bot.wphost.dev/logs'
}
[node.js fs] readdir with filetypes failed with error:  [Error: EACCES: permission denied, scandir '/home/casino-bot.wphost.dev/logs'] {
  errno: -13,
  code: 'EACCES',
  syscall: 'scandir',
  path: '/home/casino-bot.wphost.dev/logs'
}
[node.js fs] readdir with filetypes failed with error:  [Error: EACCES: permission denied, scandir '/home/casino-bot.wphost.dev/logs'] {
  errno: -13,
  code: 'EACCES',
  syscall: 'scandir',
  path: '/home/casino-bot.wphost.dev/logs'
}
[node.js fs] readdir with filetypes failed with error:  [Error: EACCES: permission denied, scandir '/home/casino-bot.wphost.dev/logs'] {
  errno: -13,
  code: 'EACCES',
  syscall: 'scandir',
  path: '/home/casino-bot.wphost.dev/logs'
}
[node.js fs] readdir with filetypes failed with error:  [Error: EACCES: permission denied, scandir '/home/casino-bot.wphost.dev/logs'] {
  errno: -13,
  code: 'EACCES',
  syscall: 'scandir',
  path: '/home/casino-bot.wphost.dev/logs'
}
[node.js fs] readdir with filetypes failed with error:  [Error: EACCES: permission denied, scandir '/home/casino-bot.wphost.dev/logs'] {
  errno: -13,
  code: 'EACCES',
  syscall: 'scandir',
  path: '/home/casino-bot.wphost.dev/logs'
}
[node.js fs] readdir with filetypes failed with error:  [Error: EACCES: permission denied, scandir '/home/casino-bot.wphost.dev/logs'] {
  errno: -13,
  code: 'EACCES',
  syscall: 'scandir',
  path: '/home/casino-bot.wphost.dev/logs'
}
[node.js fs] readdir with filetypes failed with error:  [Error: EACCES: permission denied, scandir '/home/casino-bot.wphost.dev/logs'] {
  errno: -13,
  code: 'EACCES',
  syscall: 'scandir',
  path: '/home/casino-bot.wphost.dev/logs'
}
[node.js fs] readdir with filetypes failed with error:  [Error: EACCES: permission denied, scandir '/home/casino-bot.wphost.dev/logs'] {
  errno: -13,
  code: 'EACCES',
  syscall: 'scandir',
  path: '/home/casino-bot.wphost.dev/logs'
}
[node.js fs] readdir with filetypes failed with error:  [Error: EACCES: permission denied, scandir '/home/casino-bot.wphost.dev/logs'] {
  errno: -13,
  code: 'EACCES',
  syscall: 'scandir',
  path: '/home/casino-bot.wphost.dev/logs'
}
[node.js fs] readdir with filetypes failed with error:  [Error: EACCES: permission denied, scandir '/home/casino-bot.wphost.dev/logs'] {
  errno: -13,
  code: 'EACCES',
  syscall: 'scandir',
  path: '/home/casino-bot.wphost.dev/logs'
}
[node.js fs] readdir with filetypes failed with error:  [Error: EACCES: permission denied, scandir '/home/casino-bot.wphost.dev/logs'] {
  errno: -13,
  code: 'EACCES',
  syscall: 'scandir',
  path: '/home/casino-bot.wphost.dev/logs'
}
[node.js fs] readdir with filetypes failed with error:  [Error: EACCES: permission denied, scandir '/home/casino-bot.wphost.dev/logs'] {
  errno: -13,
  code: 'EACCES',
  syscall: 'scandir',
  path: '/home/casino-bot.wphost.dev/logs'
}
[node.js fs] readdir with filetypes failed with error:  [Error: EACCES: permission denied, scandir '/home/casino-bot.wphost.dev/logs'] {
  errno: -13,
  code: 'EACCES',
  syscall: 'scandir',
  path: '/home/casino-bot.wphost.dev/logs'
}
[node.js fs] readdir with filetypes failed with error:  [Error: EACCES: permission denied, scandir '/home/casino-bot.wphost.dev/logs'] {
  errno: -13,
  code: 'EACCES',
  syscall: 'scandir',
  path: '/home/casino-bot.wphost.dev/logs'
}
[node.js fs] readdir with filetypes failed with error:  [Error: EACCES: permission denied, scandir '/home/casino-bot.wphost.dev/logs'] {
  errno: -13,
  code: 'EACCES',
  syscall: 'scandir',
  path: '/home/casino-bot.wphost.dev/logs'
}
[node.js fs] readdir with filetypes failed with error:  [Error: EACCES: permission denied, scandir '/home/casino-bot.wphost.dev/logs'] {
  errno: -13,
  code: 'EACCES',
  syscall: 'scandir',
  path: '/home/casino-bot.wphost.dev/logs'
}
[node.js fs] readdir with filetypes failed with error:  [Error: EACCES: permission denied, scandir '/home/casino-bot.wphost.dev/logs'] {
  errno: -13,
  code: 'EACCES',
  syscall: 'scandir',
  path: '/home/casino-bot.wphost.dev/logs'
}
[node.js fs] readdir with filetypes failed with error:  [Error: EACCES: permission denied, scandir '/home/casino-bot.wphost.dev/logs'] {
  errno: -13,
  code: 'EACCES',
  syscall: 'scandir',
  path: '/home/casino-bot.wphost.dev/logs'
}
[node.js fs] readdir with filetypes failed with error:  [Error: EACCES: permission denied, scandir '/home/casino-bot.wphost.dev/logs'] {
  errno: -13,
  code: 'EACCES',
  syscall: 'scandir',
  path: '/home/casino-bot.wphost.dev/logs'
}
[node.js fs] readdir with filetypes failed with error:  [Error: EACCES: permission denied, scandir '/home/casino-bot.wphost.dev/logs'] {
  errno: -13,
  code: 'EACCES',
  syscall: 'scandir',
  path: '/home/casino-bot.wphost.dev/logs'
}
[node.js fs] readdir with filetypes failed with error:  [Error: EACCES: permission denied, scandir '/home/casino-bot.wphost.dev/logs'] {
  errno: -13,
  code: 'EACCES',
  syscall: 'scandir',
  path: '/home/casino-bot.wphost.dev/logs'
}
[node.js fs] readdir with filetypes failed with error:  [Error: EACCES: permission denied, scandir '/home/casino-bot.wphost.dev/logs'] {
  errno: -13,
  code: 'EACCES',
  syscall: 'scandir',
  path: '/home/casino-bot.wphost.dev/logs'
}
[node.js fs] readdir with filetypes failed with error:  [Error: EACCES: permission denied, scandir '/home/casino-bot.wphost.dev/logs'] {
  errno: -13,
  code: 'EACCES',
  syscall: 'scandir',
  path: '/home/casino-bot.wphost.dev/logs'
}
[node.js fs] readdir with filetypes failed with error:  [Error: EACCES: permission denied, scandir '/home/casino-bot.wphost.dev/logs'] {
  errno: -13,
  code: 'EACCES',
  syscall: 'scandir',
  path: '/home/casino-bot.wphost.dev/logs'
}
[node.js fs] readdir with filetypes failed with error:  [Error: EACCES: permission denied, scandir '/home/casino-bot.wphost.dev/logs'] {
  errno: -13,
  code: 'EACCES',
  syscall: 'scandir',
  path: '/home/casino-bot.wphost.dev/logs'
}
[node.js fs] readdir with filetypes failed with error:  [Error: EACCES: permission denied, scandir '/home/casino-bot.wphost.dev/logs'] {
  errno: -13,
  code: 'EACCES',
  syscall: 'scandir',
  path: '/home/casino-bot.wphost.dev/logs'
}
[node.js fs] readdir with filetypes failed with error:  [Error: EACCES: permission denied, scandir '/home/casino-bot.wphost.dev/logs'] {
  errno: -13,
  code: 'EACCES',
  syscall: 'scandir',
  path: '/home/casino-bot.wphost.dev/logs'
}
[node.js fs] readdir with filetypes failed with error:  [Error: EACCES: permission denied, scandir '/home/casino-bot.wphost.dev/logs'] {
  errno: -13,
  code: 'EACCES',
  syscall: 'scandir',
  path: '/home/casino-bot.wphost.dev/logs'
}
[node.js fs] readdir with filetypes failed with error:  [Error: EACCES: permission denied, scandir '/home/casino-bot.wphost.dev/logs'] {
  errno: -13,
  code: 'EACCES',
  syscall: 'scandir',
  path: '/home/casino-bot.wphost.dev/logs'
}
[node.js fs] readdir with filetypes failed with error:  [Error: EACCES: permission denied, scandir '/home/casino-bot.wphost.dev/logs'] {
  errno: -13,
  code: 'EACCES',
  syscall: 'scandir',
  path: '/home/casino-bot.wphost.dev/logs'
}
[node.js fs] readdir with filetypes failed with error:  [Error: EACCES: permission denied, scandir '/home/casino-bot.wphost.dev/logs'] {
  errno: -13,
  code: 'EACCES',
  syscall: 'scandir',
  path: '/home/casino-bot.wphost.dev/logs'
}
[node.js fs] readdir with filetypes failed with error:  [Error: EACCES: permission denied, scandir '/home/casino-bot.wphost.dev/logs'] {
  errno: -13,
  code: 'EACCES',
  syscall: 'scandir',
  path: '/home/casino-bot.wphost.dev/logs'
}
[node.js fs] readdir with filetypes failed with error:  [Error: EACCES: permission denied, scandir '/home/casino-bot.wphost.dev/logs'] {
  errno: -13,
  code: 'EACCES',
  syscall: 'scandir',
  path: '/home/casino-bot.wphost.dev/logs'
}
[node.js fs] readdir with filetypes failed with error:  [Error: EACCES: permission denied, scandir '/home/casino-bot.wphost.dev/logs'] {
  errno: -13,
  code: 'EACCES',
  syscall: 'scandir',
  path: '/home/casino-bot.wphost.dev/logs'
}
[node.js fs] readdir with filetypes failed with error:  [Error: EACCES: permission denied, scandir '/home/casino-bot.wphost.dev/logs'] {
  errno: -13,
  code: 'EACCES',
  syscall: 'scandir',
  path: '/home/casino-bot.wphost.dev/logs'
}
[node.js fs] readdir with filetypes failed with error:  [Error: EACCES: permission denied, scandir '/home/casino-bot.wphost.dev/logs'] {
  errno: -13,
  code: 'EACCES',
  syscall: 'scandir',
  path: '/home/casino-bot.wphost.dev/logs'
}
[node.js fs] readdir with filetypes failed with error:  [Error: EACCES: permission denied, scandir '/home/casino-bot.wphost.dev/logs'] {
  errno: -13,
  code: 'EACCES',
  syscall: 'scandir',
  path: '/home/casino-bot.wphost.dev/logs'
}
[node.js fs] readdir with filetypes failed with error:  [Error: EACCES: permission denied, scandir '/home/casino-bot.wphost.dev/logs'] {
  errno: -13,
  code: 'EACCES',
  syscall: 'scandir',
  path: '/home/casino-bot.wphost.dev/logs'
}
[node.js fs] readdir with filetypes failed with error:  [Error: EACCES: permission denied, scandir '/home/casino-bot.wphost.dev/logs'] {
  errno: -13,
  code: 'EACCES',
  syscall: 'scandir',
  path: '/home/casino-bot.wphost.dev/logs'
}
[node.js fs] readdir with filetypes failed with error:  [Error: EACCES: permission denied, scandir '/home/casino-bot.wphost.dev/logs'] {
  errno: -13,
  code: 'EACCES',
  syscall: 'scandir',
  path: '/home/casino-bot.wphost.dev/logs'
}
[node.js fs] readdir with filetypes failed with error:  [Error: EACCES: permission denied, scandir '/home/casino-bot.wphost.dev/logs'] {
  errno: -13,
  code: 'EACCES',
  syscall: 'scandir',
  path: '/home/casino-bot.wphost.dev/logs'
}
[node.js fs] readdir with filetypes failed with error:  [Error: EACCES: permission denied, scandir '/home/casino-bot.wphost.dev/logs'] {
  errno: -13,
  code: 'EACCES',
  syscall: 'scandir',
  path: '/home/casino-bot.wphost.dev/logs'
}
[node.js fs] readdir with filetypes failed with error:  [Error: EACCES: permission denied, scandir '/home/casino-bot.wphost.dev/logs'] {
  errno: -13,
  code: 'EACCES',
  syscall: 'scandir',
  path: '/home/casino-bot.wphost.dev/logs'
}
[node.js fs] readdir with filetypes failed with error:  [Error: EACCES: permission denied, scandir '/home/casino-bot.wphost.dev/logs'] {
  errno: -13,
  code: 'EACCES',
  syscall: 'scandir',
  path: '/home/casino-bot.wphost.dev/logs'
}
[14:10:19] [127.0.0.1][416845ec][ExtensionHostConnection] The client has reconnected.
[14:17:05] [127.0.0.1][c8aa0ab8][ManagementConnection] New connection established.
[14:17:05] [127.0.0.1][8ee16142][ExtensionHostConnection] New connection established.
[14:17:06] [127.0.0.1][8ee16142][ExtensionHostConnection] <458677> Launched Extension Host Process.
[IPC Library: Pty Host]  WARN Shell integration cannot be enabled for executable "/bin/sh" and args [
  '-c',
  'wget --version > /dev/null\n' +
    'if [ $? -eq 0 ]\n' +
    'then\n' +
    "\twget --connect-timeout=7 --tries=1 --dns-timeout=7 -q --header='Metadata:true' -O - http://169.254.169.254/metadata/instance?api-version=2019-03-11\n" +
    'else\n' +
    '\tcurl --version > /dev/null\n' +
    '\tif [ $? -eq 0 ]\n' +
    '\tthen\n' +
    "\t\tcurl --connect-timeout 7 -s --header='Metadata:true' http://169.254.169.254/metadata/instance?api-version=2019-03-11\n" +
    '\tfi\n' +
    'fi\n' +
    'exit 0'
]
[IPC Library: Pty Host]  WARN Shell integration cannot be enabled for executable "/bin/sh" and args [
  '-c',
  'wget --version > /dev/null\n' +
    'if [ $? -eq 0 ]\n' +
    'then\n' +
    '\twget --connect-timeout=7 --tries=1 --dns-timeout=7 -q  -O - http://169.254.169.254/latest/meta-data/instance-id\n' +
    'else\n' +
    '\tcurl --version > /dev/null\n' +
    '\tif [ $? -eq 0 ]\n' +
    '\tthen\n' +
    '\t\tcurl --connect-timeout 7 -s  http://169.254.169.254/latest/meta-data/instance-id\n' +
    '\tfi\n' +
    'fi\n' +
    'exit 0'
]
[IPC Library: Pty Host]  WARN Shell integration cannot be enabled for executable "/bin/sh" and args [
  '-c',
  'wget --version > /dev/null\n' +
    'if [ $? -eq 0 ]\n' +
    'then\n' +
    '\twget --connect-timeout=7 --tries=1 --dns-timeout=7 -q  -O - http://169.254.169.254/metadata/v1/id\n' +
    'else\n' +
    '\tcurl --version > /dev/null\n' +
    '\tif [ $? -eq 0 ]\n' +
    '\tthen\n' +
    '\t\tcurl --connect-timeout 7 -s  http://169.254.169.254/metadata/v1/id\n' +
    '\tfi\n' +
    'fi\n' +
    'exit 0'
]
[IPC Library: Pty Host]  WARN Shell integration cannot be enabled for executable "/bin/sh" and args [
  '-c',
  'wget --version > /dev/null\n' +
    'if [ $? -eq 0 ]\n' +
    'then\n' +
    "\twget --connect-timeout=7 --tries=1 --dns-timeout=7 -q --header='Metadata-Flavor:Google' -O - http://metadata.google.internal/computeMetadata/v1/instance/id\n" +
    'else\n' +
    '\tcurl --version > /dev/null\n' +
    '\tif [ $? -eq 0 ]\n' +
    '\tthen\n' +
    "\t\tcurl --connect-timeout 7 -s --header='Metadata-Flavor:Google' http://metadata.google.internal/computeMetadata/v1/instance/id\n" +
    '\tfi\n' +
    'fi\n' +
    'exit 0'
]
[IPC Library: Pty Host]  WARN Persistent process "5": Process had no disconnect runners but was an orphan
[IPC Library: Pty Host]  INFO Persistent process reconnection "5"
[IPC Library: Pty Host]  INFO Persistent process "5": Replaying 7207 chars and 1 size events
[14:22:06] [127.0.0.1][416845ec][ExtensionHostConnection] <448223> Extension Host Process exited with code: 0, signal: null.
[14:51:22] [127.0.0.1][8ee16142][ExtensionHostConnection] The client has reconnected.
[15:06:17] [127.0.0.1][3f402ebf][ManagementConnection] New connection established.
[15:06:17] [127.0.0.1][70a07d84][ExtensionHostConnection] New connection established.
[15:06:17] [127.0.0.1][70a07d84][ExtensionHostConnection] <461299> Launched Extension Host Process.
[IPC Library: Pty Host]  WARN Shell integration cannot be enabled for executable "/bin/sh" and args [
  '-c',
  'wget --version > /dev/null\n' +
    'if [ $? -eq 0 ]\n' +
    'then\n' +
    "\twget --connect-timeout=7 --tries=1 --dns-timeout=7 -q --header='Metadata:true' -O - http://169.254.169.254/metadata/instance?api-version=2019-03-11\n" +
    'else\n' +
    '\tcurl --version > /dev/null\n' +
    '\tif [ $? -eq 0 ]\n' +
    '\tthen\n' +
    "\t\tcurl --connect-timeout 7 -s --header='Metadata:true' http://169.254.169.254/metadata/instance?api-version=2019-03-11\n" +
    '\tfi\n' +
    'fi\n' +
    'exit 0'
]
[IPC Library: Pty Host]  WARN Shell integration cannot be enabled for executable "/bin/sh" and args [
  '-c',
  'wget --version > /dev/null\n' +
    'if [ $? -eq 0 ]\n' +
    'then\n' +
    '\twget --connect-timeout=7 --tries=1 --dns-timeout=7 -q  -O - http://169.254.169.254/latest/meta-data/instance-id\n' +
    'else\n' +
    '\tcurl --version > /dev/null\n' +
    '\tif [ $? -eq 0 ]\n' +
    '\tthen\n' +
    '\t\tcurl --connect-timeout 7 -s  http://169.254.169.254/latest/meta-data/instance-id\n' +
    '\tfi\n' +
    'fi\n' +
    'exit 0'
]
[IPC Library: Pty Host]  WARN Shell integration cannot be enabled for executable "/bin/sh" and args [
  '-c',
  'wget --version > /dev/null\n' +
    'if [ $? -eq 0 ]\n' +
    'then\n' +
    '\twget --connect-timeout=7 --tries=1 --dns-timeout=7 -q  -O - http://169.254.169.254/metadata/v1/id\n' +
    'else\n' +
    '\tcurl --version > /dev/null\n' +
    '\tif [ $? -eq 0 ]\n' +
    '\tthen\n' +
    '\t\tcurl --connect-timeout 7 -s  http://169.254.169.254/metadata/v1/id\n' +
    '\tfi\n' +
    'fi\n' +
    'exit 0'
]
[IPC Library: Pty Host]  WARN Shell integration cannot be enabled for executable "/bin/sh" and args [
  '-c',
  'wget --version > /dev/null\n' +
    'if [ $? -eq 0 ]\n' +
    'then\n' +
    "\twget --connect-timeout=7 --tries=1 --dns-timeout=7 -q --header='Metadata-Flavor:Google' -O - http://metadata.google.internal/computeMetadata/v1/instance/id\n" +
    'else\n' +
    '\tcurl --version > /dev/null\n' +
    '\tif [ $? -eq 0 ]\n' +
    '\tthen\n' +
    "\t\tcurl --connect-timeout 7 -s --header='Metadata-Flavor:Google' http://metadata.google.internal/computeMetadata/v1/instance/id\n" +
    '\tfi\n' +
    'fi\n' +
    'exit 0'
]
[IPC Library: Pty Host]  WARN Persistent process "5": Process had no disconnect runners but was an orphan
[IPC Library: Pty Host]  INFO Persistent process reconnection "5"
[IPC Library: Pty Host]  INFO Persistent process "5": Replaying 5038 chars and 1 size events
[15:11:17] [127.0.0.1][8ee16142][ExtensionHostConnection] <458677> Extension Host Process exited with code: 0, signal: null.
[node.js fs] readdir with filetypes failed with error:  [Error: EACCES: permission denied, scandir '/home/casino-bot.wphost.dev/logs'] {
  errno: -13,
  code: 'EACCES',
  syscall: 'scandir',
  path: '/home/casino-bot.wphost.dev/logs'
}
[15:21:03] [127.0.0.1][70a07d84][ExtensionHostConnection] The client has reconnected.
[15:29:45] [127.0.0.1][505fcdad][ManagementConnection] New connection established.
[15:29:48] [127.0.0.1][a1d2fb5d][ExtensionHostConnection] New connection established.
[15:29:48] [127.0.0.1][a1d2fb5d][ExtensionHostConnection] <462749> Launched Extension Host Process.
[IPC Library: Pty Host]  WARN Shell integration cannot be enabled for executable "/bin/sh" and args [
  '-c',
  'wget --version > /dev/null\n' +
    'if [ $? -eq 0 ]\n' +
    'then\n' +
    "\twget --connect-timeout=7 --tries=1 --dns-timeout=7 -q --header='Metadata:true' -O - http://169.254.169.254/metadata/instance?api-version=2019-03-11\n" +
    'else\n' +
    '\tcurl --version > /dev/null\n' +
    '\tif [ $? -eq 0 ]\n' +
    '\tthen\n' +
    "\t\tcurl --connect-timeout 7 -s --header='Metadata:true' http://169.254.169.254/metadata/instance?api-version=2019-03-11\n" +
    '\tfi\n' +
    'fi\n' +
    'exit 0'
]
[IPC Library: Pty Host]  WARN Shell integration cannot be enabled for executable "/bin/sh" and args [
  '-c',
  'wget --version > /dev/null\n' +
    'if [ $? -eq 0 ]\n' +
    'then\n' +
    '\twget --connect-timeout=7 --tries=1 --dns-timeout=7 -q  -O - http://169.254.169.254/latest/meta-data/instance-id\n' +
    'else\n' +
    '\tcurl --version > /dev/null\n' +
    '\tif [ $? -eq 0 ]\n' +
    '\tthen\n' +
    '\t\tcurl --connect-timeout 7 -s  http://169.254.169.254/latest/meta-data/instance-id\n' +
    '\tfi\n' +
    'fi\n' +
    'exit 0'
]
[IPC Library: Pty Host]  WARN Shell integration cannot be enabled for executable "/bin/sh" and args [
  '-c',
  'wget --version > /dev/null\n' +
    'if [ $? -eq 0 ]\n' +
    'then\n' +
    '\twget --connect-timeout=7 --tries=1 --dns-timeout=7 -q  -O - http://169.254.169.254/metadata/v1/id\n' +
    'else\n' +
    '\tcurl --version > /dev/null\n' +
    '\tif [ $? -eq 0 ]\n' +
    '\tthen\n' +
    '\t\tcurl --connect-timeout 7 -s  http://169.254.169.254/metadata/v1/id\n' +
    '\tfi\n' +
    'fi\n' +
    'exit 0'
]
[IPC Library: Pty Host]  WARN Shell integration cannot be enabled for executable "/bin/sh" and args [
  '-c',
  'wget --version > /dev/null\n' +
    'if [ $? -eq 0 ]\n' +
    'then\n' +
    "\twget --connect-timeout=7 --tries=1 --dns-timeout=7 -q --header='Metadata-Flavor:Google' -O - http://metadata.google.internal/computeMetadata/v1/instance/id\n" +
    'else\n' +
    '\tcurl --version > /dev/null\n' +
    '\tif [ $? -eq 0 ]\n' +
    '\tthen\n' +
    "\t\tcurl --connect-timeout 7 -s --header='Metadata-Flavor:Google' http://metadata.google.internal/computeMetadata/v1/instance/id\n" +
    '\tfi\n' +
    'fi\n' +
    'exit 0'
]
[IPC Library: Pty Host]  WARN Persistent process "5": Process had no disconnect runners but was an orphan
[IPC Library: Pty Host]  INFO Persistent process reconnection "5"
[IPC Library: Pty Host]  INFO Persistent process "5": Replaying 5038 chars and 1 size events
rejected promise not handled within 1 second: CodeExpectedError: Could not find pty on pty host
stack trace: CodeExpectedError: Could not find pty on pty host
    at k.L (/home/casino-bot.wphost.dev/.vscode-server/bin/695af097c7bd098fbf017ce3ac85e09bbc5dda06/out/vs/platform/terminal/node/ptyHostMain.js:28:6920)
    at k.updateIcon (/home/casino-bot.wphost.dev/.vscode-server/bin/695af097c7bd098fbf017ce3ac85e09bbc5dda06/out/vs/platform/terminal/node/ptyHostMain.js:28:2677)
    at Object.call (/home/casino-bot.wphost.dev/.vscode-server/bin/695af097c7bd098fbf017ce3ac85e09bbc5dda06/out/vs/platform/terminal/node/ptyHostMain.js:17:5058)
    at h.s (/home/casino-bot.wphost.dev/.vscode-server/bin/695af097c7bd098fbf017ce3ac85e09bbc5dda06/out/vs/platform/terminal/node/ptyHostMain.js:15:5412)
    at h.q (/home/casino-bot.wphost.dev/.vscode-server/bin/695af097c7bd098fbf017ce3ac85e09bbc5dda06/out/vs/platform/terminal/node/ptyHostMain.js:15:4915)
    at /home/casino-bot.wphost.dev/.vscode-server/bin/695af097c7bd098fbf017ce3ac85e09bbc5dda06/out/vs/platform/terminal/node/ptyHostMain.js:15:4326
    at l.invoke (/home/casino-bot.wphost.dev/.vscode-server/bin/695af097c7bd098fbf017ce3ac85e09bbc5dda06/out/vs/platform/terminal/node/ptyHostMain.js:11:145)
    at u.deliver (/home/casino-bot.wphost.dev/.vscode-server/bin/695af097c7bd098fbf017ce3ac85e09bbc5dda06/out/vs/platform/terminal/node/ptyHostMain.js:11:2125)
    at s.fire (/home/casino-bot.wphost.dev/.vscode-server/bin/695af097c7bd098fbf017ce3ac85e09bbc5dda06/out/vs/platform/terminal/node/ptyHostMain.js:11:1733)
    at process.z (/home/casino-bot.wphost.dev/.vscode-server/bin/695af097c7bd098fbf017ce3ac85e09bbc5dda06/out/vs/platform/terminal/node/ptyHostMain.js:9:21144)
    at process.emit (node:events:513:28)
    at emit (node:internal/child_process:939:14)
    at processTicksAndRejections (node:internal/process/task_queues:84:21)
[15:30:06] Error [CodeExpectedError]: Could not find pty on pty host
    at k.L (/home/casino-bot.wphost.dev/.vscode-server/bin/695af097c7bd098fbf017ce3ac85e09bbc5dda06/out/vs/platform/terminal/node/ptyHostMain.js:28:6920)
    at k.updateIcon (/home/casino-bot.wphost.dev/.vscode-server/bin/695af097c7bd098fbf017ce3ac85e09bbc5dda06/out/vs/platform/terminal/node/ptyHostMain.js:28:2677)
    at Object.call (/home/casino-bot.wphost.dev/.vscode-server/bin/695af097c7bd098fbf017ce3ac85e09bbc5dda06/out/vs/platform/terminal/node/ptyHostMain.js:17:5058)
    at h.s (/home/casino-bot.wphost.dev/.vscode-server/bin/695af097c7bd098fbf017ce3ac85e09bbc5dda06/out/vs/platform/terminal/node/ptyHostMain.js:15:5412)
    at h.q (/home/casino-bot.wphost.dev/.vscode-server/bin/695af097c7bd098fbf017ce3ac85e09bbc5dda06/out/vs/platform/terminal/node/ptyHostMain.js:15:4915)
    at /home/casino-bot.wphost.dev/.vscode-server/bin/695af097c7bd098fbf017ce3ac85e09bbc5dda06/out/vs/platform/terminal/node/ptyHostMain.js:15:4326
    at l.invoke (/home/casino-bot.wphost.dev/.vscode-server/bin/695af097c7bd098fbf017ce3ac85e09bbc5dda06/out/vs/platform/terminal/node/ptyHostMain.js:11:145)
    at u.deliver (/home/casino-bot.wphost.dev/.vscode-server/bin/695af097c7bd098fbf017ce3ac85e09bbc5dda06/out/vs/platform/terminal/node/ptyHostMain.js:11:2125)
    at s.fire (/home/casino-bot.wphost.dev/.vscode-server/bin/695af097c7bd098fbf017ce3ac85e09bbc5dda06/out/vs/platform/terminal/node/ptyHostMain.js:11:1733)
    at process.z (/home/casino-bot.wphost.dev/.vscode-server/bin/695af097c7bd098fbf017ce3ac85e09bbc5dda06/out/vs/platform/terminal/node/ptyHostMain.js:9:21144)
    at process.emit (node:events:513:28)
    at emit (node:internal/child_process:939:14)
    at processTicksAndRejections (node:internal/process/task_queues:84:21)
rejected promise not handled within 1 second: CodeExpectedError: Could not find pty on pty host
stack trace: CodeExpectedError: Could not find pty on pty host
    at k.L (/home/casino-bot.wphost.dev/.vscode-server/bin/695af097c7bd098fbf017ce3ac85e09bbc5dda06/out/vs/platform/terminal/node/ptyHostMain.js:28:6920)
    at k.updateTitle (/home/casino-bot.wphost.dev/.vscode-server/bin/695af097c7bd098fbf017ce3ac85e09bbc5dda06/out/vs/platform/terminal/node/ptyHostMain.js:28:2627)
    at Object.call (/home/casino-bot.wphost.dev/.vscode-server/bin/695af097c7bd098fbf017ce3ac85e09bbc5dda06/out/vs/platform/terminal/node/ptyHostMain.js:17:5058)
    at h.s (/home/casino-bot.wphost.dev/.vscode-server/bin/695af097c7bd098fbf017ce3ac85e09bbc5dda06/out/vs/platform/terminal/node/ptyHostMain.js:15:5412)
    at h.q (/home/casino-bot.wphost.dev/.vscode-server/bin/695af097c7bd098fbf017ce3ac85e09bbc5dda06/out/vs/platform/terminal/node/ptyHostMain.js:15:4915)
    at /home/casino-bot.wphost.dev/.vscode-server/bin/695af097c7bd098fbf017ce3ac85e09bbc5dda06/out/vs/platform/terminal/node/ptyHostMain.js:15:4326
    at l.invoke (/home/casino-bot.wphost.dev/.vscode-server/bin/695af097c7bd098fbf017ce3ac85e09bbc5dda06/out/vs/platform/terminal/node/ptyHostMain.js:11:145)
    at u.deliver (/home/casino-bot.wphost.dev/.vscode-server/bin/695af097c7bd098fbf017ce3ac85e09bbc5dda06/out/vs/platform/terminal/node/ptyHostMain.js:11:2125)
    at s.fire (/home/casino-bot.wphost.dev/.vscode-server/bin/695af097c7bd098fbf017ce3ac85e09bbc5dda06/out/vs/platform/terminal/node/ptyHostMain.js:11:1733)
    at process.z (/home/casino-bot.wphost.dev/.vscode-server/bin/695af097c7bd098fbf017ce3ac85e09bbc5dda06/out/vs/platform/terminal/node/ptyHostMain.js:9:21144)
    at process.emit (node:events:513:28)
    at emit (node:internal/child_process:939:14)
    at processTicksAndRejections (node:internal/process/task_queues:84:21)
[15:30:06] Error [CodeExpectedError]: Could not find pty on pty host
    at k.L (/home/casino-bot.wphost.dev/.vscode-server/bin/695af097c7bd098fbf017ce3ac85e09bbc5dda06/out/vs/platform/terminal/node/ptyHostMain.js:28:6920)
    at k.updateTitle (/home/casino-bot.wphost.dev/.vscode-server/bin/695af097c7bd098fbf017ce3ac85e09bbc5dda06/out/vs/platform/terminal/node/ptyHostMain.js:28:2627)
    at Object.call (/home/casino-bot.wphost.dev/.vscode-server/bin/695af097c7bd098fbf017ce3ac85e09bbc5dda06/out/vs/platform/terminal/node/ptyHostMain.js:17:5058)
    at h.s (/home/casino-bot.wphost.dev/.vscode-server/bin/695af097c7bd098fbf017ce3ac85e09bbc5dda06/out/vs/platform/terminal/node/ptyHostMain.js:15:5412)
    at h.q (/home/casino-bot.wphost.dev/.vscode-server/bin/695af097c7bd098fbf017ce3ac85e09bbc5dda06/out/vs/platform/terminal/node/ptyHostMain.js:15:4915)
    at /home/casino-bot.wphost.dev/.vscode-server/bin/695af097c7bd098fbf017ce3ac85e09bbc5dda06/out/vs/platform/terminal/node/ptyHostMain.js:15:4326
    at l.invoke (/home/casino-bot.wphost.dev/.vscode-server/bin/695af097c7bd098fbf017ce3ac85e09bbc5dda06/out/vs/platform/terminal/node/ptyHostMain.js:11:145)
    at u.deliver (/home/casino-bot.wphost.dev/.vscode-server/bin/695af097c7bd098fbf017ce3ac85e09bbc5dda06/out/vs/platform/terminal/node/ptyHostMain.js:11:2125)
    at s.fire (/home/casino-bot.wphost.dev/.vscode-server/bin/695af097c7bd098fbf017ce3ac85e09bbc5dda06/out/vs/platform/terminal/node/ptyHostMain.js:11:1733)
    at process.z (/home/casino-bot.wphost.dev/.vscode-server/bin/695af097c7bd098fbf017ce3ac85e09bbc5dda06/out/vs/platform/terminal/node/ptyHostMain.js:9:21144)
    at process.emit (node:events:513:28)
    at emit (node:internal/child_process:939:14)
    at processTicksAndRejections (node:internal/process/task_queues:84:21)
[15:34:46] [127.0.0.1][70a07d84][ExtensionHostConnection] <461299> Extension Host Process exited with code: 0, signal: null.
[15:53:11] [127.0.0.1][c8d10805][ManagementConnection] New connection established.
[15:53:11] [127.0.0.1][63687a2c][ExtensionHostConnection] New connection established.
[15:53:11] [127.0.0.1][63687a2c][ExtensionHostConnection] <463871> Launched Extension Host Process.
[15:53:12] [File Watcher (parcel)] Inotify limit reached (ENOSPC) (path: /home/casino-bot.wphost.dev)
[IPC Library: Pty Host]  WARN Shell integration cannot be enabled for executable "/bin/sh" and args [
  '-c',
  'wget --version > /dev/null\n' +
    'if [ $? -eq 0 ]\n' +
    'then\n' +
    "\twget --connect-timeout=7 --tries=1 --dns-timeout=7 -q --header='Metadata:true' -O - http://169.254.169.254/metadata/instance?api-version=2019-03-11\n" +
    'else\n' +
    '\tcurl --version > /dev/null\n' +
    '\tif [ $? -eq 0 ]\n' +
    '\tthen\n' +
    "\t\tcurl --connect-timeout 7 -s --header='Metadata:true' http://169.254.169.254/metadata/instance?api-version=2019-03-11\n" +
    '\tfi\n' +
    'fi\n' +
    'exit 0'
]
[IPC Library: Pty Host]  WARN Shell integration cannot be enabled for executable "/bin/sh" and args [
  '-c',
  'wget --version > /dev/null\n' +
    'if [ $? -eq 0 ]\n' +
    'then\n' +
    '\twget --connect-timeout=7 --tries=1 --dns-timeout=7 -q  -O - http://169.254.169.254/latest/meta-data/instance-id\n' +
    'else\n' +
    '\tcurl --version > /dev/null\n' +
    '\tif [ $? -eq 0 ]\n' +
    '\tthen\n' +
    '\t\tcurl --connect-timeout 7 -s  http://169.254.169.254/latest/meta-data/instance-id\n' +
    '\tfi\n' +
    'fi\n' +
    'exit 0'
]
[IPC Library: Pty Host]  WARN Shell integration cannot be enabled for executable "/bin/sh" and args [
  '-c',
  'wget --version > /dev/null\n' +
    'if [ $? -eq 0 ]\n' +
    'then\n' +
    '\twget --connect-timeout=7 --tries=1 --dns-timeout=7 -q  -O - http://169.254.169.254/metadata/v1/id\n' +
    'else\n' +
    '\tcurl --version > /dev/null\n' +
    '\tif [ $? -eq 0 ]\n' +
    '\tthen\n' +
    '\t\tcurl --connect-timeout 7 -s  http://169.254.169.254/metadata/v1/id\n' +
    '\tfi\n' +
    'fi\n' +
    'exit 0'
]
[IPC Library: Pty Host]  WARN Shell integration cannot be enabled for executable "/bin/sh" and args [
  '-c',
  'wget --version > /dev/null\n' +
    'if [ $? -eq 0 ]\n' +
    'then\n' +
    "\twget --connect-timeout=7 --tries=1 --dns-timeout=7 -q --header='Metadata-Flavor:Google' -O - http://metadata.google.internal/computeMetadata/v1/instance/id\n" +
    'else\n' +
    '\tcurl --version > /dev/null\n' +
    '\tif [ $? -eq 0 ]\n' +
    '\tthen\n' +
    "\t\tcurl --connect-timeout 7 -s --header='Metadata-Flavor:Google' http://metadata.google.internal/computeMetadata/v1/instance/id\n" +
    '\tfi\n' +
    'fi\n' +
    'exit 0'
]
[IPC Library: Pty Host]  WARN Persistent process "5": Process had no disconnect runners but was an orphan
[IPC Library: Pty Host]  INFO Persistent process reconnection "5"
[IPC Library: Pty Host]  INFO Persistent process "5": Replaying 5038 chars and 1 size events
[17:23:17] [127.0.0.1][3c84ccc1][ManagementConnection] New connection established.
[17:23:17] [127.0.0.1][9e4dd7da][ExtensionHostConnection] New connection established.
[17:23:17] [127.0.0.1][9e4dd7da][ExtensionHostConnection] <469438> Launched Extension Host Process.
[17:23:18] [File Watcher (parcel)] Inotify limit reached (ENOSPC) (path: /home/casino-bot.wphost.dev)
[IPC Library: Pty Host]  WARN Shell integration cannot be enabled for executable "/bin/sh" and args [
  '-c',
  'wget --version > /dev/null\n' +
    'if [ $? -eq 0 ]\n' +
    'then\n' +
    "\twget --connect-timeout=7 --tries=1 --dns-timeout=7 -q --header='Metadata:true' -O - http://169.254.169.254/metadata/instance?api-version=2019-03-11\n" +
    'else\n' +
    '\tcurl --version > /dev/null\n' +
    '\tif [ $? -eq 0 ]\n' +
    '\tthen\n' +
    "\t\tcurl --connect-timeout 7 -s --header='Metadata:true' http://169.254.169.254/metadata/instance?api-version=2019-03-11\n" +
    '\tfi\n' +
    'fi\n' +
    'exit 0'
]
[IPC Library: Pty Host]  WARN Shell integration cannot be enabled for executable "/bin/sh" and args [
  '-c',
  'wget --version > /dev/null\n' +
    'if [ $? -eq 0 ]\n' +
    'then\n' +
    '\twget --connect-timeout=7 --tries=1 --dns-timeout=7 -q  -O - http://169.254.169.254/latest/meta-data/instance-id\n' +
    'else\n' +
    '\tcurl --version > /dev/null\n' +
    '\tif [ $? -eq 0 ]\n' +
    '\tthen\n' +
    '\t\tcurl --connect-timeout 7 -s  http://169.254.169.254/latest/meta-data/instance-id\n' +
    '\tfi\n' +
    'fi\n' +
    'exit 0'
]
[IPC Library: Pty Host]  WARN Shell integration cannot be enabled for executable "/bin/sh" and args [
  '-c',
  'wget --version > /dev/null\n' +
    'if [ $? -eq 0 ]\n' +
    'then\n' +
    '\twget --connect-timeout=7 --tries=1 --dns-timeout=7 -q  -O - http://169.254.169.254/metadata/v1/id\n' +
    'else\n' +
    '\tcurl --version > /dev/null\n' +
    '\tif [ $? -eq 0 ]\n' +
    '\tthen\n' +
    '\t\tcurl --connect-timeout 7 -s  http://169.254.169.254/metadata/v1/id\n' +
    '\tfi\n' +
    'fi\n' +
    'exit 0'
]
[IPC Library: Pty Host]  WARN Shell integration cannot be enabled for executable "/bin/sh" and args [
  '-c',
  'wget --version > /dev/null\n' +
    'if [ $? -eq 0 ]\n' +
    'then\n' +
    "\twget --connect-timeout=7 --tries=1 --dns-timeout=7 -q --header='Metadata-Flavor:Google' -O - http://metadata.google.internal/computeMetadata/v1/instance/id\n" +
    'else\n' +
    '\tcurl --version > /dev/null\n' +
    '\tif [ $? -eq 0 ]\n' +
    '\tthen\n' +
    "\t\tcurl --connect-timeout 7 -s --header='Metadata-Flavor:Google' http://metadata.google.internal/computeMetadata/v1/instance/id\n" +
    '\tfi\n' +
    'fi\n' +
    'exit 0'
]
[IPC Library: Pty Host]  WARN Persistent process "5": Process had no disconnect runners but was an orphan
[IPC Library: Pty Host]  INFO Persistent process reconnection "5"
[IPC Library: Pty Host]  INFO Persistent process "5": Replaying 6394 chars and 1 size events
[17:28:17] [127.0.0.1][a1d2fb5d][ExtensionHostConnection] <462749> Extension Host Process exited with code: 0, signal: null.
[17:28:17] [127.0.0.1][63687a2c][ExtensionHostConnection] <463871> Extension Host Process exited with code: 0, signal: null.
[17:39:40] [127.0.0.1][9e4dd7da][ExtensionHostConnection] The client has reconnected.
[18:33:25] [127.0.0.1][6ccbf97b][ManagementConnection] New connection established.
[18:33:25] [127.0.0.1][8b2c7683][ExtensionHostConnection] New connection established.
[18:33:25] [127.0.0.1][8b2c7683][ExtensionHostConnection] <472097> Launched Extension Host Process.
[18:33:26] [File Watcher (parcel)] Inotify limit reached (ENOSPC) (path: /home/casino-bot.wphost.dev)
[IPC Library: Pty Host]  WARN Shell integration cannot be enabled for executable "/bin/sh" and args [
  '-c',
  'wget --version > /dev/null\n' +
    'if [ $? -eq 0 ]\n' +
    'then\n' +
    "\twget --connect-timeout=7 --tries=1 --dns-timeout=7 -q --header='Metadata:true' -O - http://169.254.169.254/metadata/instance?api-version=2019-03-11\n" +
    'else\n' +
    '\tcurl --version > /dev/null\n' +
    '\tif [ $? -eq 0 ]\n' +
    '\tthen\n' +
    "\t\tcurl --connect-timeout 7 -s --header='Metadata:true' http://169.254.169.254/metadata/instance?api-version=2019-03-11\n" +
    '\tfi\n' +
    'fi\n' +
    'exit 0'
]
[IPC Library: Pty Host]  WARN Shell integration cannot be enabled for executable "/bin/sh" and args [
  '-c',
  'wget --version > /dev/null\n' +
    'if [ $? -eq 0 ]\n' +
    'then\n' +
    '\twget --connect-timeout=7 --tries=1 --dns-timeout=7 -q  -O - http://169.254.169.254/latest/meta-data/instance-id\n' +
    'else\n' +
    '\tcurl --version > /dev/null\n' +
    '\tif [ $? -eq 0 ]\n' +
    '\tthen\n' +
    '\t\tcurl --connect-timeout 7 -s  http://169.254.169.254/latest/meta-data/instance-id\n' +
    '\tfi\n' +
    'fi\n' +
    'exit 0'
]
[IPC Library: Pty Host]  WARN Shell integration cannot be enabled for executable "/bin/sh" and args [
  '-c',
  'wget --version > /dev/null\n' +
    'if [ $? -eq 0 ]\n' +
    'then\n' +
    '\twget --connect-timeout=7 --tries=1 --dns-timeout=7 -q  -O - http://169.254.169.254/metadata/v1/id\n' +
    'else\n' +
    '\tcurl --version > /dev/null\n' +
    '\tif [ $? -eq 0 ]\n' +
    '\tthen\n' +
    '\t\tcurl --connect-timeout 7 -s  http://169.254.169.254/metadata/v1/id\n' +
    '\tfi\n' +
    'fi\n' +
    'exit 0'
]
[IPC Library: Pty Host]  WARN Shell integration cannot be enabled for executable "/bin/sh" and args [
  '-c',
  'wget --version > /dev/null\n' +
    'if [ $? -eq 0 ]\n' +
    'then\n' +
    "\twget --connect-timeout=7 --tries=1 --dns-timeout=7 -q --header='Metadata-Flavor:Google' -O - http://metadata.google.internal/computeMetadata/v1/instance/id\n" +
    'else\n' +
    '\tcurl --version > /dev/null\n' +
    '\tif [ $? -eq 0 ]\n' +
    '\tthen\n' +
    "\t\tcurl --connect-timeout 7 -s --header='Metadata-Flavor:Google' http://metadata.google.internal/computeMetadata/v1/instance/id\n" +
    '\tfi\n' +
    'fi\n' +
    'exit 0'
]
[IPC Library: Pty Host]  WARN Persistent process "5": Process had no disconnect runners but was an orphan
[IPC Library: Pty Host]  INFO Persistent process reconnection "5"
[IPC Library: Pty Host]  INFO Persistent process "5": Replaying 5830 chars and 1 size events
[18:38:25] [127.0.0.1][9e4dd7da][ExtensionHostConnection] <469438> Extension Host Process exited with code: 0, signal: null.
[18:39:33] [127.0.0.1][6ccbf97b][ManagementConnection] The client has reconnected.
[18:39:33] [127.0.0.1][8b2c7683][ExtensionHostConnection] The client has reconnected.
[18:52:17] [127.0.0.1][b8409c83][ManagementConnection] New connection established.
[18:52:20] [127.0.0.1][bcc3bf68][ExtensionHostConnection] New connection established.
[18:52:20] [127.0.0.1][bcc3bf68][ExtensionHostConnection] <473256> Launched Extension Host Process.
[18:52:29] [File Watcher (parcel)] Inotify limit reached (ENOSPC) (path: /home/casino-bot.wphost.dev)
[IPC Library: Pty Host]  WARN Shell integration cannot be enabled for executable "/bin/sh" and args [
  '-c',
  'wget --version > /dev/null\n' +
    'if [ $? -eq 0 ]\n' +
    'then\n' +
    "\twget --connect-timeout=7 --tries=1 --dns-timeout=7 -q --header='Metadata:true' -O - http://169.254.169.254/metadata/instance?api-version=2019-03-11\n" +
    'else\n' +
    '\tcurl --version > /dev/null\n' +
    '\tif [ $? -eq 0 ]\n' +
    '\tthen\n' +
    "\t\tcurl --connect-timeout 7 -s --header='Metadata:true' http://169.254.169.254/metadata/instance?api-version=2019-03-11\n" +
    '\tfi\n' +
    'fi\n' +
    'exit 0'
]
[IPC Library: Pty Host]  WARN Shell integration cannot be enabled for executable "/bin/sh" and args [
  '-c',
  'wget --version > /dev/null\n' +
    'if [ $? -eq 0 ]\n' +
    'then\n' +
    '\twget --connect-timeout=7 --tries=1 --dns-timeout=7 -q  -O - http://169.254.169.254/latest/meta-data/instance-id\n' +
    'else\n' +
    '\tcurl --version > /dev/null\n' +
    '\tif [ $? -eq 0 ]\n' +
    '\tthen\n' +
    '\t\tcurl --connect-timeout 7 -s  http://169.254.169.254/latest/meta-data/instance-id\n' +
    '\tfi\n' +
    'fi\n' +
    'exit 0'
]
[IPC Library: Pty Host]  WARN Shell integration cannot be enabled for executable "/bin/sh" and args [
  '-c',
  'wget --version > /dev/null\n' +
    'if [ $? -eq 0 ]\n' +
    'then\n' +
    '\twget --connect-timeout=7 --tries=1 --dns-timeout=7 -q  -O - http://169.254.169.254/metadata/v1/id\n' +
    'else\n' +
    '\tcurl --version > /dev/null\n' +
    '\tif [ $? -eq 0 ]\n' +
    '\tthen\n' +
    '\t\tcurl --connect-timeout 7 -s  http://169.254.169.254/metadata/v1/id\n' +
    '\tfi\n' +
    'fi\n' +
    'exit 0'
]
[IPC Library: Pty Host]  WARN Shell integration cannot be enabled for executable "/bin/sh" and args [
  '-c',
  'wget --version > /dev/null\n' +
    'if [ $? -eq 0 ]\n' +
    'then\n' +
    "\twget --connect-timeout=7 --tries=1 --dns-timeout=7 -q --header='Metadata-Flavor:Google' -O - http://metadata.google.internal/computeMetadata/v1/instance/id\n" +
    'else\n' +
    '\tcurl --version > /dev/null\n' +
    '\tif [ $? -eq 0 ]\n' +
    '\tthen\n' +
    "\t\tcurl --connect-timeout 7 -s --header='Metadata-Flavor:Google' http://metadata.google.internal/computeMetadata/v1/instance/id\n" +
    '\tfi\n' +
    'fi\n' +
    'exit 0'
]
[IPC Library: Pty Host]  WARN Persistent process "5": Process had no disconnect runners but was an orphan
[IPC Library: Pty Host]  INFO Persistent process reconnection "5"
[IPC Library: Pty Host]  INFO Persistent process "5": Replaying 5179 chars and 1 size events
[18:55:41] [127.0.0.1][bcc3bf68][ExtensionHostConnection] The client has reconnected.
[19:02:37] [127.0.0.1][b8409c83][ManagementConnection] The client has reconnected.
[19:02:41] [127.0.0.1][bcc3bf68][ExtensionHostConnection] The client has reconnected.
